[0.394s] Invoking command in '/home/dev/git/mobile_robot_python/ros2_ws/src/my_pypkg': PYTHONPATH=/home/dev/git/mobile_robot_python/ros2_ws/build/my_pypkg/prefix_override:/home/dev/git/mobile_robot_python/ros2_ws/install/my_pypkg/lib/python3.8/site-packages:${PYTHONPATH} /usr/bin/python3 setup.py egg_info --egg-base ../../build/my_pypkg build --build-base /home/dev/git/mobile_robot_python/ros2_ws/build/my_pypkg/build install --record /home/dev/git/mobile_robot_python/ros2_ws/build/my_pypkg/install.log --install-scripts $base/lib/my_pypkg --single-version-externally-managed
[0.507s] running egg_info
[0.507s] writing ../../build/my_pypkg/my_pypkg.egg-info/PKG-INFO
[0.508s] writing dependency_links to ../../build/my_pypkg/my_pypkg.egg-info/dependency_links.txt
[0.508s] writing entry points to ../../build/my_pypkg/my_pypkg.egg-info/entry_points.txt
[0.509s] writing requirements to ../../build/my_pypkg/my_pypkg.egg-info/requires.txt
[0.509s] writing top-level names to ../../build/my_pypkg/my_pypkg.egg-info/top_level.txt
[0.531s] reading manifest file '../../build/my_pypkg/my_pypkg.egg-info/SOURCES.txt'
[0.531s] writing manifest file '../../build/my_pypkg/my_pypkg.egg-info/SOURCES.txt'
[0.532s] running build
[0.532s] running build_py
[0.532s] running install
[0.532s] running install_lib
[0.533s] running install_data
[0.534s] running install_egg_info
[0.535s] removing '/home/dev/git/mobile_robot_python/ros2_ws/install/my_pypkg/lib/python3.8/site-packages/my_pypkg-0.0.0-py3.8.egg-info' (and everything under it)
[0.535s] Copying ../../build/my_pypkg/my_pypkg.egg-info to /home/dev/git/mobile_robot_python/ros2_ws/install/my_pypkg/lib/python3.8/site-packages/my_pypkg-0.0.0-py3.8.egg-info
[0.536s] running install_scripts
[0.547s] writing list of installed files to '/home/dev/git/mobile_robot_python/ros2_ws/build/my_pypkg/install.log'
[0.566s] Invoked command in '/home/dev/git/mobile_robot_python/ros2_ws/src/my_pypkg' returned '0': PYTHONPATH=/home/dev/git/mobile_robot_python/ros2_ws/build/my_pypkg/prefix_override:/home/dev/git/mobile_robot_python/ros2_ws/install/my_pypkg/lib/python3.8/site-packages:${PYTHONPATH} /usr/bin/python3 setup.py egg_info --egg-base ../../build/my_pypkg build --build-base /home/dev/git/mobile_robot_python/ros2_ws/build/my_pypkg/build install --record /home/dev/git/mobile_robot_python/ros2_ws/build/my_pypkg/install.log --install-scripts $base/lib/my_pypkg --single-version-externally-managed
