[0.017s] Invoking command in '/home/dev/git/mobile_robot_python/ros2_ws/build/my_robot_interfaces': CMAKE_PREFIX_PATH=/home/dev/git/mobile_robot_python/ros2_ws/install/my_pypkg:/opt/ros/foxy /usr/bin/cmake --build /home/dev/git/mobile_robot_python/ros2_ws/build/my_robot_interfaces -- -j4 -l4
[0.044s] -- Found ament_cmake: 0.9.11 (/opt/ros/foxy/share/ament_cmake/cmake)
[0.063s] -- Found PythonInterp: /usr/bin/python3 (found suitable version "3.8.10", minimum required is "3") 
[0.063s] -- Using PYTHON_EXECUTABLE: /usr/bin/python3
[0.180s] -- Found rosidl_default_generators: 1.0.1 (/opt/ros/foxy/share/rosidl_default_generators/cmake)
[0.182s] -- Using all available rosidl_typesupport_c: rosidl_typesupport_fastrtps_c;rosidl_typesupport_introspection_c
[0.184s] -- Found rosidl_adapter: 1.3.0 (/opt/ros/foxy/share/rosidl_adapter/cmake)
[0.282s] -- Using all available rosidl_typesupport_cpp: rosidl_typesupport_fastrtps_cpp;rosidl_typesupport_introspection_cpp
[0.317s] -- Found PythonInterp: /usr/bin/python3 (found version "3.8.10") 
[0.408s] -- Found ament_cmake_ros: 0.9.2 (/opt/ros/foxy/share/ament_cmake_ros/cmake)
[0.475s] -- Using all available rosidl_typesupport_c: rosidl_typesupport_fastrtps_c;rosidl_typesupport_introspection_c
[0.482s] -- Using all available rosidl_typesupport_cpp: rosidl_typesupport_fastrtps_cpp;rosidl_typesupport_introspection_cpp
[0.504s] -- Found PythonInterp: /usr/bin/python3 (found suitable version "3.8.10", minimum required is "3.5") 
[0.505s] -- Found python_cmake_module: 0.8.1 (/opt/ros/foxy/share/python_cmake_module/cmake)
[0.530s] -- Using PYTHON_EXECUTABLE: /usr/bin/python3
[0.530s] -- Using PYTHON_INCLUDE_DIRS: /usr/include/python3.8
[0.530s] -- Using PYTHON_LIBRARIES: /usr/lib/x86_64-linux-gnu/libpython3.8.so
[0.546s] -- Configuring done
[0.592s] -- Generating done
[0.595s] -- Build files have been written to: /home/dev/git/mobile_robot_python/ros2_ws/build/my_robot_interfaces
[0.618s] [  2%] [34m[1mGenerating C code for ROS interfaces[0m
[0.618s] [35m[1mScanning dependencies of target my_robot_interfaces__cpp[0m
[0.635s] [  5%] [34m[1mGenerating C++ code for ROS interfaces[0m
[0.848s] [  5%] Built target my_robot_interfaces__cpp
[0.858s] [  7%] [34m[1mGenerating C++ introspection for ROS interfaces[0m
[0.863s] [ 10%] [34m[1mGenerating C++ type support for eProsima Fast-RTPS[0m
[0.865s] [ 12%] [34m[1mGenerating C++ type support dispatch for ROS interfaces[0m
[0.867s] [35m[1mScanning dependencies of target my_robot_interfaces__rosidl_generator_c[0m
[0.978s] [ 15%] [32mBuilding C object CMakeFiles/my_robot_interfaces__rosidl_generator_c.dir/rosidl_generator_c/my_robot_interfaces/msg/detail/hardware_status__functions.c.o[0m
[1.020s] [35m[1mScanning dependencies of target my_robot_interfaces__rosidl_typesupport_cpp[0m
[1.031s] [ 17%] [32mBuilding CXX object CMakeFiles/my_robot_interfaces__rosidl_typesupport_cpp.dir/rosidl_typesupport_cpp/my_robot_interfaces/msg/hardware_status__type_support.cpp.o[0m
[1.045s] [ 20%] [32mBuilding C object CMakeFiles/my_robot_interfaces__rosidl_generator_c.dir/rosidl_generator_c/my_robot_interfaces/srv/detail/compute_rectangle_area__functions.c.o[0m
[1.054s] [35m[1mScanning dependencies of target my_robot_interfaces__rosidl_typesupport_introspection_cpp[0m
[1.062s] [35m[1mScanning dependencies of target my_robot_interfaces__rosidl_typesupport_fastrtps_cpp[0m
[1.088s] [ 25%] [32mBuilding CXX object CMakeFiles/my_robot_interfaces__rosidl_typesupport_fastrtps_cpp.dir/rosidl_typesupport_fastrtps_cpp/my_robot_interfaces/msg/detail/dds_fastrtps/hardware_status__type_support.cpp.o[0m
[1.088s] [ 25%] [32mBuilding CXX object CMakeFiles/my_robot_interfaces__rosidl_typesupport_introspection_cpp.dir/rosidl_typesupport_introspection_cpp/my_robot_interfaces/msg/detail/hardware_status__type_support.cpp.o[0m
[1.101s] [ 28%] [32m[1mLinking C shared library libmy_robot_interfaces__rosidl_generator_c.so[0m
[1.134s] [ 28%] Built target my_robot_interfaces__rosidl_generator_c
[1.145s] [ 30%] [32mBuilding CXX object CMakeFiles/my_robot_interfaces__rosidl_typesupport_introspection_cpp.dir/rosidl_typesupport_introspection_cpp/my_robot_interfaces/srv/detail/compute_rectangle_area__type_support.cpp.o[0m
[1.235s] [ 33%] [32mBuilding CXX object CMakeFiles/my_robot_interfaces__rosidl_typesupport_cpp.dir/rosidl_typesupport_cpp/my_robot_interfaces/srv/compute_rectangle_area__type_support.cpp.o[0m
[1.345s] [ 35%] [32mBuilding CXX object CMakeFiles/my_robot_interfaces__rosidl_typesupport_fastrtps_cpp.dir/rosidl_typesupport_fastrtps_cpp/my_robot_interfaces/srv/detail/dds_fastrtps/compute_rectangle_area__type_support.cpp.o[0m
[1.346s] [ 38%] [34m[1mGenerating C introspection for ROS interfaces[0m
[1.356s] [ 41%] [32m[1mLinking CXX shared library libmy_robot_interfaces__rosidl_typesupport_introspection_cpp.so[0m
[1.439s] [ 43%] [32m[1mLinking CXX shared library libmy_robot_interfaces__rosidl_typesupport_cpp.so[0m
[1.473s] [ 43%] Built target my_robot_interfaces__rosidl_typesupport_introspection_cpp
[1.476s] [ 43%] Built target my_robot_interfaces__rosidl_typesupport_cpp
[1.484s] [ 46%] [34m[1mGenerating C type support dispatch for ROS interfaces[0m
[1.530s] [35m[1mScanning dependencies of target my_robot_interfaces__rosidl_typesupport_introspection_c[0m
[1.546s] [ 48%] [32mBuilding C object CMakeFiles/my_robot_interfaces__rosidl_typesupport_introspection_c.dir/rosidl_typesupport_introspection_c/my_robot_interfaces/msg/detail/hardware_status__type_support.c.o[0m
[1.552s] [ 51%] [32mBuilding C object CMakeFiles/my_robot_interfaces__rosidl_typesupport_introspection_c.dir/rosidl_typesupport_introspection_c/my_robot_interfaces/srv/detail/compute_rectangle_area__type_support.c.o[0m
[1.578s] [ 53%] [32m[1mLinking C shared library libmy_robot_interfaces__rosidl_typesupport_introspection_c.so[0m
[1.607s] [ 53%] Built target my_robot_interfaces__rosidl_typesupport_introspection_c
[1.630s] [ 56%] [32m[1mLinking CXX shared library libmy_robot_interfaces__rosidl_typesupport_fastrtps_cpp.so[0m
[1.658s] [35m[1mScanning dependencies of target my_robot_interfaces__rosidl_typesupport_c[0m
[1.673s] [ 61%] [32mBuilding CXX object CMakeFiles/my_robot_interfaces__rosidl_typesupport_c.dir/rosidl_typesupport_c/my_robot_interfaces/srv/compute_rectangle_area__type_support.cpp.o[0m
[1.673s] [ 58%] [32mBuilding CXX object CMakeFiles/my_robot_interfaces__rosidl_typesupport_c.dir/rosidl_typesupport_c/my_robot_interfaces/msg/hardware_status__type_support.cpp.o[0m
[1.701s] [ 64%] [32m[1mLinking CXX shared library libmy_robot_interfaces__rosidl_typesupport_c.so[0m
[1.709s] [ 64%] Built target my_robot_interfaces__rosidl_typesupport_fastrtps_cpp
[1.717s] [ 66%] [34m[1mGenerating C type support for eProsima Fast-RTPS[0m
[1.732s] [ 66%] Built target my_robot_interfaces__rosidl_typesupport_c
[1.883s] [35m[1mScanning dependencies of target my_robot_interfaces__rosidl_typesupport_fastrtps_c[0m
[1.895s] [ 69%] [32mBuilding CXX object CMakeFiles/my_robot_interfaces__rosidl_typesupport_fastrtps_c.dir/rosidl_typesupport_fastrtps_c/my_robot_interfaces/msg/detail/hardware_status__type_support_c.cpp.o[0m
[1.897s] [ 71%] [32mBuilding CXX object CMakeFiles/my_robot_interfaces__rosidl_typesupport_fastrtps_c.dir/rosidl_typesupport_fastrtps_c/my_robot_interfaces/srv/detail/compute_rectangle_area__type_support_c.cpp.o[0m
[2.117s] [ 74%] [32m[1mLinking CXX shared library libmy_robot_interfaces__rosidl_typesupport_fastrtps_c.so[0m
[2.180s] [ 74%] Built target my_robot_interfaces__rosidl_typesupport_fastrtps_c
[2.196s] [ 74%] Built target my_robot_interfaces
[2.206s] [35m[1mScanning dependencies of target my_robot_interfaces__py[0m
[2.215s] [ 76%] [34m[1mGenerating Python code for ROS interfaces[0m
[2.539s] [ 76%] Built target my_robot_interfaces__py
[2.549s] [35m[1mScanning dependencies of target my_robot_interfaces__python[0m
[2.572s] [ 79%] [32mBuilding C object CMakeFiles/my_robot_interfaces__python.dir/rosidl_generator_py/my_robot_interfaces/msg/_hardware_status_s.c.o[0m
[2.572s] [ 82%] [32mBuilding C object CMakeFiles/my_robot_interfaces__python.dir/rosidl_generator_py/my_robot_interfaces/srv/_compute_rectangle_area_s.c.o[0m
[2.638s] [ 84%] [32m[1mLinking C shared library rosidl_generator_py/my_robot_interfaces/libmy_robot_interfaces__python.so[0m
[2.668s] [ 84%] Built target my_robot_interfaces__python
[2.678s] [35m[1mScanning dependencies of target my_robot_interfaces__rosidl_typesupport_c__pyext[0m
[2.679s] [35m[1mScanning dependencies of target my_robot_interfaces__rosidl_typesupport_fastrtps_c__pyext[0m
[2.679s] [35m[1mScanning dependencies of target my_robot_interfaces__rosidl_typesupport_introspection_c__pyext[0m
[2.694s] [ 87%] [32mBuilding C object CMakeFiles/my_robot_interfaces__rosidl_typesupport_c__pyext.dir/rosidl_generator_py/my_robot_interfaces/_my_robot_interfaces_s.ep.rosidl_typesupport_c.c.o[0m
[2.694s] [ 89%] [32mBuilding C object CMakeFiles/my_robot_interfaces__rosidl_typesupport_introspection_c__pyext.dir/rosidl_generator_py/my_robot_interfaces/_my_robot_interfaces_s.ep.rosidl_typesupport_introspection_c.c.o[0m
[2.698s] [ 92%] [32mBuilding C object CMakeFiles/my_robot_interfaces__rosidl_typesupport_fastrtps_c__pyext.dir/rosidl_generator_py/my_robot_interfaces/_my_robot_interfaces_s.ep.rosidl_typesupport_fastrtps_c.c.o[0m
[2.749s] [ 94%] [32m[1mLinking C shared library rosidl_generator_py/my_robot_interfaces/my_robot_interfaces_s__rosidl_typesupport_introspection_c.cpython-38-x86_64-linux-gnu.so[0m
[2.749s] [ 97%] [32m[1mLinking C shared library rosidl_generator_py/my_robot_interfaces/my_robot_interfaces_s__rosidl_typesupport_c.cpython-38-x86_64-linux-gnu.so[0m
[2.750s] [100%] [32m[1mLinking CXX shared library rosidl_generator_py/my_robot_interfaces/my_robot_interfaces_s__rosidl_typesupport_fastrtps_c.cpython-38-x86_64-linux-gnu.so[0m
[2.776s] [100%] Built target my_robot_interfaces__rosidl_typesupport_c__pyext
[2.805s] [100%] Built target my_robot_interfaces__rosidl_typesupport_introspection_c__pyext
[2.808s] [100%] Built target my_robot_interfaces__rosidl_typesupport_fastrtps_c__pyext
[2.820s] Invoked command in '/home/dev/git/mobile_robot_python/ros2_ws/build/my_robot_interfaces' returned '0': CMAKE_PREFIX_PATH=/home/dev/git/mobile_robot_python/ros2_ws/install/my_pypkg:/opt/ros/foxy /usr/bin/cmake --build /home/dev/git/mobile_robot_python/ros2_ws/build/my_robot_interfaces -- -j4 -l4
[2.919s] Invoking command in '/home/dev/git/mobile_robot_python/ros2_ws/build/my_robot_interfaces': CMAKE_PREFIX_PATH=/home/dev/git/mobile_robot_python/ros2_ws/install/my_pypkg:/opt/ros/foxy /usr/bin/cmake --install /home/dev/git/mobile_robot_python/ros2_ws/build/my_robot_interfaces
[2.926s] -- Install configuration: ""
[2.926s] -- Installing: /home/dev/git/mobile_robot_python/ros2_ws/install/my_robot_interfaces/share/ament_index/resource_index/rosidl_interfaces/my_robot_interfaces
[2.927s] -- Up-to-date: /home/dev/git/mobile_robot_python/ros2_ws/install/my_robot_interfaces/include/my_robot_interfaces
[2.927s] -- Installing: /home/dev/git/mobile_robot_python/ros2_ws/install/my_robot_interfaces/include/my_robot_interfaces/srv
[2.927s] -- Installing: /home/dev/git/mobile_robot_python/ros2_ws/install/my_robot_interfaces/include/my_robot_interfaces/srv/compute_rectangle_area.h
[2.928s] -- Installing: /home/dev/git/mobile_robot_python/ros2_ws/install/my_robot_interfaces/include/my_robot_interfaces/srv/detail
[2.928s] -- Installing: /home/dev/git/mobile_robot_python/ros2_ws/install/my_robot_interfaces/include/my_robot_interfaces/srv/detail/compute_rectangle_area__functions.h
[2.929s] -- Installing: /home/dev/git/mobile_robot_python/ros2_ws/install/my_robot_interfaces/include/my_robot_interfaces/srv/detail/compute_rectangle_area__struct.h
[2.929s] -- Installing: /home/dev/git/mobile_robot_python/ros2_ws/install/my_robot_interfaces/include/my_robot_interfaces/srv/detail/compute_rectangle_area__type_support.h
[2.929s] -- Installing: /home/dev/git/mobile_robot_python/ros2_ws/install/my_robot_interfaces/include/my_robot_interfaces/srv/detail/compute_rectangle_area__functions.c
[2.929s] -- Up-to-date: /home/dev/git/mobile_robot_python/ros2_ws/install/my_robot_interfaces/include/my_robot_interfaces/msg
[2.929s] -- Up-to-date: /home/dev/git/mobile_robot_python/ros2_ws/install/my_robot_interfaces/include/my_robot_interfaces/msg/detail
[2.930s] -- Installing: /home/dev/git/mobile_robot_python/ros2_ws/install/my_robot_interfaces/include/my_robot_interfaces/msg/detail/hardware_status__type_support.h
[2.930s] -- Installing: /home/dev/git/mobile_robot_python/ros2_ws/install/my_robot_interfaces/include/my_robot_interfaces/msg/detail/hardware_status__struct.h
[2.930s] -- Installing: /home/dev/git/mobile_robot_python/ros2_ws/install/my_robot_interfaces/include/my_robot_interfaces/msg/detail/hardware_status__functions.c
[2.930s] -- Installing: /home/dev/git/mobile_robot_python/ros2_ws/install/my_robot_interfaces/include/my_robot_interfaces/msg/detail/hardware_status__functions.h
[2.930s] -- Installing: /home/dev/git/mobile_robot_python/ros2_ws/install/my_robot_interfaces/include/my_robot_interfaces/msg/hardware_status.h
[2.930s] -- Up-to-date: /home/dev/git/mobile_robot_python/ros2_ws/install/my_robot_interfaces/include/my_robot_interfaces/msg/rosidl_generator_c__visibility_control.h
[2.930s] -- Up-to-date: /home/dev/git/mobile_robot_python/ros2_ws/install/my_robot_interfaces/share/my_robot_interfaces/environment/library_path.sh
[2.930s] -- Installing: /home/dev/git/mobile_robot_python/ros2_ws/install/my_robot_interfaces/share/my_robot_interfaces/environment/library_path.dsv
[2.931s] -- Installing: /home/dev/git/mobile_robot_python/ros2_ws/install/my_robot_interfaces/lib/libmy_robot_interfaces__rosidl_generator_c.so
[2.931s] -- Set runtime path of "/home/dev/git/mobile_robot_python/ros2_ws/install/my_robot_interfaces/lib/libmy_robot_interfaces__rosidl_generator_c.so" to ""
[2.931s] -- Up-to-date: /home/dev/git/mobile_robot_python/ros2_ws/install/my_robot_interfaces/include/my_robot_interfaces
[2.931s] -- Up-to-date: /home/dev/git/mobile_robot_python/ros2_ws/install/my_robot_interfaces/include/my_robot_interfaces/srv
[2.931s] -- Up-to-date: /home/dev/git/mobile_robot_python/ros2_ws/install/my_robot_interfaces/include/my_robot_interfaces/srv/detail
[2.932s] -- Installing: /home/dev/git/mobile_robot_python/ros2_ws/install/my_robot_interfaces/include/my_robot_interfaces/srv/detail/compute_rectangle_area__rosidl_typesupport_fastrtps_c.h
[2.932s] -- Up-to-date: /home/dev/git/mobile_robot_python/ros2_ws/install/my_robot_interfaces/include/my_robot_interfaces/msg
[2.932s] -- Up-to-date: /home/dev/git/mobile_robot_python/ros2_ws/install/my_robot_interfaces/include/my_robot_interfaces/msg/detail
[2.932s] -- Installing: /home/dev/git/mobile_robot_python/ros2_ws/install/my_robot_interfaces/include/my_robot_interfaces/msg/detail/hardware_status__rosidl_typesupport_fastrtps_c.h
[2.932s] -- Up-to-date: /home/dev/git/mobile_robot_python/ros2_ws/install/my_robot_interfaces/include/my_robot_interfaces/msg/rosidl_typesupport_fastrtps_c__visibility_control.h
[2.932s] -- Installing: /home/dev/git/mobile_robot_python/ros2_ws/install/my_robot_interfaces/lib/libmy_robot_interfaces__rosidl_typesupport_fastrtps_c.so
[2.932s] -- Set runtime path of "/home/dev/git/mobile_robot_python/ros2_ws/install/my_robot_interfaces/lib/libmy_robot_interfaces__rosidl_typesupport_fastrtps_c.so" to ""
[2.933s] -- Up-to-date: /home/dev/git/mobile_robot_python/ros2_ws/install/my_robot_interfaces/include/my_robot_interfaces
[2.933s] -- Up-to-date: /home/dev/git/mobile_robot_python/ros2_ws/install/my_robot_interfaces/include/my_robot_interfaces/srv
[2.933s] -- Up-to-date: /home/dev/git/mobile_robot_python/ros2_ws/install/my_robot_interfaces/include/my_robot_interfaces/srv/detail
[2.933s] -- Installing: /home/dev/git/mobile_robot_python/ros2_ws/install/my_robot_interfaces/include/my_robot_interfaces/srv/detail/dds_fastrtps
[2.933s] -- Installing: /home/dev/git/mobile_robot_python/ros2_ws/install/my_robot_interfaces/include/my_robot_interfaces/srv/detail/compute_rectangle_area__rosidl_typesupport_fastrtps_cpp.hpp
[2.933s] -- Up-to-date: /home/dev/git/mobile_robot_python/ros2_ws/install/my_robot_interfaces/include/my_robot_interfaces/msg
[2.933s] -- Up-to-date: /home/dev/git/mobile_robot_python/ros2_ws/install/my_robot_interfaces/include/my_robot_interfaces/msg/detail
[2.933s] -- Up-to-date: /home/dev/git/mobile_robot_python/ros2_ws/install/my_robot_interfaces/include/my_robot_interfaces/msg/detail/dds_fastrtps
[2.933s] -- Installing: /home/dev/git/mobile_robot_python/ros2_ws/install/my_robot_interfaces/include/my_robot_interfaces/msg/detail/hardware_status__rosidl_typesupport_fastrtps_cpp.hpp
[2.933s] -- Up-to-date: /home/dev/git/mobile_robot_python/ros2_ws/install/my_robot_interfaces/include/my_robot_interfaces/msg/rosidl_typesupport_fastrtps_cpp__visibility_control.h
[2.934s] -- Installing: /home/dev/git/mobile_robot_python/ros2_ws/install/my_robot_interfaces/lib/libmy_robot_interfaces__rosidl_typesupport_fastrtps_cpp.so
[2.934s] -- Set runtime path of "/home/dev/git/mobile_robot_python/ros2_ws/install/my_robot_interfaces/lib/libmy_robot_interfaces__rosidl_typesupport_fastrtps_cpp.so" to ""
[2.934s] -- Up-to-date: /home/dev/git/mobile_robot_python/ros2_ws/install/my_robot_interfaces/include/my_robot_interfaces
[2.934s] -- Up-to-date: /home/dev/git/mobile_robot_python/ros2_ws/install/my_robot_interfaces/include/my_robot_interfaces/srv
[2.934s] -- Up-to-date: /home/dev/git/mobile_robot_python/ros2_ws/install/my_robot_interfaces/include/my_robot_interfaces/srv/detail
[2.935s] -- Installing: /home/dev/git/mobile_robot_python/ros2_ws/install/my_robot_interfaces/include/my_robot_interfaces/srv/detail/compute_rectangle_area__rosidl_typesupport_introspection_c.h
[2.935s] -- Installing: /home/dev/git/mobile_robot_python/ros2_ws/install/my_robot_interfaces/include/my_robot_interfaces/srv/detail/compute_rectangle_area__type_support.c
[2.935s] -- Up-to-date: /home/dev/git/mobile_robot_python/ros2_ws/install/my_robot_interfaces/include/my_robot_interfaces/msg
[2.935s] -- Up-to-date: /home/dev/git/mobile_robot_python/ros2_ws/install/my_robot_interfaces/include/my_robot_interfaces/msg/rosidl_typesupport_introspection_c__visibility_control.h
[2.935s] -- Up-to-date: /home/dev/git/mobile_robot_python/ros2_ws/install/my_robot_interfaces/include/my_robot_interfaces/msg/detail
[2.935s] -- Installing: /home/dev/git/mobile_robot_python/ros2_ws/install/my_robot_interfaces/include/my_robot_interfaces/msg/detail/hardware_status__rosidl_typesupport_introspection_c.h
[2.935s] -- Installing: /home/dev/git/mobile_robot_python/ros2_ws/install/my_robot_interfaces/include/my_robot_interfaces/msg/detail/hardware_status__type_support.c
[2.935s] -- Installing: /home/dev/git/mobile_robot_python/ros2_ws/install/my_robot_interfaces/lib/libmy_robot_interfaces__rosidl_typesupport_introspection_c.so
[2.935s] -- Set runtime path of "/home/dev/git/mobile_robot_python/ros2_ws/install/my_robot_interfaces/lib/libmy_robot_interfaces__rosidl_typesupport_introspection_c.so" to ""
[2.935s] -- Installing: /home/dev/git/mobile_robot_python/ros2_ws/install/my_robot_interfaces/lib/libmy_robot_interfaces__rosidl_typesupport_c.so
[2.936s] -- Set runtime path of "/home/dev/git/mobile_robot_python/ros2_ws/install/my_robot_interfaces/lib/libmy_robot_interfaces__rosidl_typesupport_c.so" to ""
[2.936s] -- Up-to-date: /home/dev/git/mobile_robot_python/ros2_ws/install/my_robot_interfaces/include/my_robot_interfaces
[2.936s] -- Up-to-date: /home/dev/git/mobile_robot_python/ros2_ws/install/my_robot_interfaces/include/my_robot_interfaces/srv
[2.936s] -- Up-to-date: /home/dev/git/mobile_robot_python/ros2_ws/install/my_robot_interfaces/include/my_robot_interfaces/srv/detail
[2.937s] -- Installing: /home/dev/git/mobile_robot_python/ros2_ws/install/my_robot_interfaces/include/my_robot_interfaces/srv/detail/compute_rectangle_area__struct.hpp
[2.937s] -- Installing: /home/dev/git/mobile_robot_python/ros2_ws/install/my_robot_interfaces/include/my_robot_interfaces/srv/detail/compute_rectangle_area__builder.hpp
[2.937s] -- Installing: /home/dev/git/mobile_robot_python/ros2_ws/install/my_robot_interfaces/include/my_robot_interfaces/srv/detail/compute_rectangle_area__traits.hpp
[2.937s] -- Installing: /home/dev/git/mobile_robot_python/ros2_ws/install/my_robot_interfaces/include/my_robot_interfaces/srv/compute_rectangle_area.hpp
[2.937s] -- Up-to-date: /home/dev/git/mobile_robot_python/ros2_ws/install/my_robot_interfaces/include/my_robot_interfaces/msg
[2.937s] -- Installing: /home/dev/git/mobile_robot_python/ros2_ws/install/my_robot_interfaces/include/my_robot_interfaces/msg/hardware_status.hpp
[2.937s] -- Up-to-date: /home/dev/git/mobile_robot_python/ros2_ws/install/my_robot_interfaces/include/my_robot_interfaces/msg/detail
[2.937s] -- Installing: /home/dev/git/mobile_robot_python/ros2_ws/install/my_robot_interfaces/include/my_robot_interfaces/msg/detail/hardware_status__builder.hpp
[2.937s] -- Installing: /home/dev/git/mobile_robot_python/ros2_ws/install/my_robot_interfaces/include/my_robot_interfaces/msg/detail/hardware_status__struct.hpp
[2.937s] -- Installing: /home/dev/git/mobile_robot_python/ros2_ws/install/my_robot_interfaces/include/my_robot_interfaces/msg/detail/hardware_status__traits.hpp
[2.937s] -- Up-to-date: /home/dev/git/mobile_robot_python/ros2_ws/install/my_robot_interfaces/include/my_robot_interfaces
[2.937s] -- Up-to-date: /home/dev/git/mobile_robot_python/ros2_ws/install/my_robot_interfaces/include/my_robot_interfaces/srv
[2.937s] -- Up-to-date: /home/dev/git/mobile_robot_python/ros2_ws/install/my_robot_interfaces/include/my_robot_interfaces/srv/detail
[2.937s] -- Installing: /home/dev/git/mobile_robot_python/ros2_ws/install/my_robot_interfaces/include/my_robot_interfaces/srv/detail/compute_rectangle_area__type_support.cpp
[2.938s] -- Installing: /home/dev/git/mobile_robot_python/ros2_ws/install/my_robot_interfaces/include/my_robot_interfaces/srv/detail/compute_rectangle_area__rosidl_typesupport_introspection_cpp.hpp
[2.938s] -- Up-to-date: /home/dev/git/mobile_robot_python/ros2_ws/install/my_robot_interfaces/include/my_robot_interfaces/msg
[2.938s] -- Up-to-date: /home/dev/git/mobile_robot_python/ros2_ws/install/my_robot_interfaces/include/my_robot_interfaces/msg/detail
[2.938s] -- Installing: /home/dev/git/mobile_robot_python/ros2_ws/install/my_robot_interfaces/include/my_robot_interfaces/msg/detail/hardware_status__rosidl_typesupport_introspection_cpp.hpp
[2.938s] -- Installing: /home/dev/git/mobile_robot_python/ros2_ws/install/my_robot_interfaces/include/my_robot_interfaces/msg/detail/hardware_status__type_support.cpp
[2.938s] -- Installing: /home/dev/git/mobile_robot_python/ros2_ws/install/my_robot_interfaces/lib/libmy_robot_interfaces__rosidl_typesupport_introspection_cpp.so
[2.938s] -- Set runtime path of "/home/dev/git/mobile_robot_python/ros2_ws/install/my_robot_interfaces/lib/libmy_robot_interfaces__rosidl_typesupport_introspection_cpp.so" to ""
[2.938s] -- Installing: /home/dev/git/mobile_robot_python/ros2_ws/install/my_robot_interfaces/lib/libmy_robot_interfaces__rosidl_typesupport_cpp.so
[2.939s] -- Set runtime path of "/home/dev/git/mobile_robot_python/ros2_ws/install/my_robot_interfaces/lib/libmy_robot_interfaces__rosidl_typesupport_cpp.so" to ""
[2.939s] -- Up-to-date: /home/dev/git/mobile_robot_python/ros2_ws/install/my_robot_interfaces/share/my_robot_interfaces/environment/pythonpath.sh
[2.939s] -- Installing: /home/dev/git/mobile_robot_python/ros2_ws/install/my_robot_interfaces/share/my_robot_interfaces/environment/pythonpath.dsv
[2.939s] -- Installing: /home/dev/git/mobile_robot_python/ros2_ws/install/my_robot_interfaces/lib/python3.8/site-packages/my_robot_interfaces/__init__.py
[2.962s] Compiling '/home/dev/git/mobile_robot_python/ros2_ws/install/my_robot_interfaces/lib/python3.8/site-packages/my_robot_interfaces/__init__.py'...
[2.965s] -- Up-to-date: /home/dev/git/mobile_robot_python/ros2_ws/install/my_robot_interfaces/lib/python3.8/site-packages/my_robot_interfaces/msg
[2.965s] -- Installing: /home/dev/git/mobile_robot_python/ros2_ws/install/my_robot_interfaces/lib/python3.8/site-packages/my_robot_interfaces/msg/__init__.py
[2.965s] -- Installing: /home/dev/git/mobile_robot_python/ros2_ws/install/my_robot_interfaces/lib/python3.8/site-packages/my_robot_interfaces/msg/_hardware_status.py
[2.965s] -- Installing: /home/dev/git/mobile_robot_python/ros2_ws/install/my_robot_interfaces/lib/python3.8/site-packages/my_robot_interfaces/msg/_hardware_status_s.c
[2.966s] -- Installing: /home/dev/git/mobile_robot_python/ros2_ws/install/my_robot_interfaces/lib/python3.8/site-packages/my_robot_interfaces/srv
[2.966s] -- Installing: /home/dev/git/mobile_robot_python/ros2_ws/install/my_robot_interfaces/lib/python3.8/site-packages/my_robot_interfaces/srv/__init__.py
[2.966s] -- Installing: /home/dev/git/mobile_robot_python/ros2_ws/install/my_robot_interfaces/lib/python3.8/site-packages/my_robot_interfaces/srv/_compute_rectangle_area.py
[2.967s] -- Installing: /home/dev/git/mobile_robot_python/ros2_ws/install/my_robot_interfaces/lib/python3.8/site-packages/my_robot_interfaces/srv/_compute_rectangle_area_s.c
[2.968s] -- Installing: /home/dev/git/mobile_robot_python/ros2_ws/install/my_robot_interfaces/lib/python3.8/site-packages/my_robot_interfaces/my_robot_interfaces_s__rosidl_typesupport_fastrtps_c.cpython-38-x86_64-linux-gnu.so
[2.968s] -- Set runtime path of "/home/dev/git/mobile_robot_python/ros2_ws/install/my_robot_interfaces/lib/python3.8/site-packages/my_robot_interfaces/my_robot_interfaces_s__rosidl_typesupport_fastrtps_c.cpython-38-x86_64-linux-gnu.so" to ""
[2.969s] -- Installing: /home/dev/git/mobile_robot_python/ros2_ws/install/my_robot_interfaces/lib/python3.8/site-packages/my_robot_interfaces/my_robot_interfaces_s__rosidl_typesupport_introspection_c.cpython-38-x86_64-linux-gnu.so
[2.970s] -- Set runtime path of "/home/dev/git/mobile_robot_python/ros2_ws/install/my_robot_interfaces/lib/python3.8/site-packages/my_robot_interfaces/my_robot_interfaces_s__rosidl_typesupport_introspection_c.cpython-38-x86_64-linux-gnu.so" to ""
[2.970s] -- Installing: /home/dev/git/mobile_robot_python/ros2_ws/install/my_robot_interfaces/lib/python3.8/site-packages/my_robot_interfaces/my_robot_interfaces_s__rosidl_typesupport_c.cpython-38-x86_64-linux-gnu.so
[2.971s] -- Set runtime path of "/home/dev/git/mobile_robot_python/ros2_ws/install/my_robot_interfaces/lib/python3.8/site-packages/my_robot_interfaces/my_robot_interfaces_s__rosidl_typesupport_c.cpython-38-x86_64-linux-gnu.so" to ""
[2.971s] -- Installing: /home/dev/git/mobile_robot_python/ros2_ws/install/my_robot_interfaces/lib/libmy_robot_interfaces__python.so
[2.974s] -- Set runtime path of "/home/dev/git/mobile_robot_python/ros2_ws/install/my_robot_interfaces/lib/libmy_robot_interfaces__python.so" to ""
[2.974s] -- Up-to-date: /home/dev/git/mobile_robot_python/ros2_ws/install/my_robot_interfaces/share/my_robot_interfaces/msg/HardwareStatus.idl
[2.974s] -- Installing: /home/dev/git/mobile_robot_python/ros2_ws/install/my_robot_interfaces/share/my_robot_interfaces/srv/ComputeRectangleArea.idl
[2.975s] -- Up-to-date: /home/dev/git/mobile_robot_python/ros2_ws/install/my_robot_interfaces/share/my_robot_interfaces/msg/HardwareStatus.msg
[2.978s] -- Installing: /home/dev/git/mobile_robot_python/ros2_ws/install/my_robot_interfaces/share/my_robot_interfaces/srv/ComputeRectangleArea.srv
[2.978s] -- Installing: /home/dev/git/mobile_robot_python/ros2_ws/install/my_robot_interfaces/share/my_robot_interfaces/srv/ComputeRectangleArea_Request.msg
[2.978s] -- Installing: /home/dev/git/mobile_robot_python/ros2_ws/install/my_robot_interfaces/share/my_robot_interfaces/srv/ComputeRectangleArea_Response.msg
[2.978s] -- Up-to-date: /home/dev/git/mobile_robot_python/ros2_ws/install/my_robot_interfaces/share/ament_index/resource_index/package_run_dependencies/my_robot_interfaces
[2.978s] -- Installing: /home/dev/git/mobile_robot_python/ros2_ws/install/my_robot_interfaces/share/ament_index/resource_index/parent_prefix_path/my_robot_interfaces
[2.979s] -- Up-to-date: /home/dev/git/mobile_robot_python/ros2_ws/install/my_robot_interfaces/share/my_robot_interfaces/environment/ament_prefix_path.sh
[2.979s] -- Installing: /home/dev/git/mobile_robot_python/ros2_ws/install/my_robot_interfaces/share/my_robot_interfaces/environment/ament_prefix_path.dsv
[2.980s] -- Up-to-date: /home/dev/git/mobile_robot_python/ros2_ws/install/my_robot_interfaces/share/my_robot_interfaces/environment/path.sh
[2.981s] -- Installing: /home/dev/git/mobile_robot_python/ros2_ws/install/my_robot_interfaces/share/my_robot_interfaces/environment/path.dsv
[2.981s] -- Up-to-date: /home/dev/git/mobile_robot_python/ros2_ws/install/my_robot_interfaces/share/my_robot_interfaces/local_setup.bash
[2.982s] -- Up-to-date: /home/dev/git/mobile_robot_python/ros2_ws/install/my_robot_interfaces/share/my_robot_interfaces/local_setup.sh
[2.982s] -- Up-to-date: /home/dev/git/mobile_robot_python/ros2_ws/install/my_robot_interfaces/share/my_robot_interfaces/local_setup.zsh
[2.983s] -- Installing: /home/dev/git/mobile_robot_python/ros2_ws/install/my_robot_interfaces/share/my_robot_interfaces/local_setup.dsv
[2.984s] -- Installing: /home/dev/git/mobile_robot_python/ros2_ws/install/my_robot_interfaces/share/my_robot_interfaces/package.dsv
[2.984s] -- Up-to-date: /home/dev/git/mobile_robot_python/ros2_ws/install/my_robot_interfaces/share/ament_index/resource_index/packages/my_robot_interfaces
[2.985s] -- Up-to-date: /home/dev/git/mobile_robot_python/ros2_ws/install/my_robot_interfaces/share/my_robot_interfaces/cmake/my_robot_interfaces__rosidl_generator_cExport.cmake
[2.985s] -- Installing: /home/dev/git/mobile_robot_python/ros2_ws/install/my_robot_interfaces/share/my_robot_interfaces/cmake/my_robot_interfaces__rosidl_generator_cExport-noconfig.cmake
[2.985s] -- Up-to-date: /home/dev/git/mobile_robot_python/ros2_ws/install/my_robot_interfaces/share/my_robot_interfaces/cmake/my_robot_interfaces__rosidl_typesupport_introspection_cExport.cmake
[2.985s] -- Installing: /home/dev/git/mobile_robot_python/ros2_ws/install/my_robot_interfaces/share/my_robot_interfaces/cmake/my_robot_interfaces__rosidl_typesupport_introspection_cExport-noconfig.cmake
[2.986s] -- Up-to-date: /home/dev/git/mobile_robot_python/ros2_ws/install/my_robot_interfaces/share/my_robot_interfaces/cmake/my_robot_interfaces__rosidl_typesupport_cExport.cmake
[2.986s] -- Installing: /home/dev/git/mobile_robot_python/ros2_ws/install/my_robot_interfaces/share/my_robot_interfaces/cmake/my_robot_interfaces__rosidl_typesupport_cExport-noconfig.cmake
[2.986s] -- Up-to-date: /home/dev/git/mobile_robot_python/ros2_ws/install/my_robot_interfaces/share/my_robot_interfaces/cmake/my_robot_interfaces__rosidl_generator_cppExport.cmake
[2.986s] -- Up-to-date: /home/dev/git/mobile_robot_python/ros2_ws/install/my_robot_interfaces/share/my_robot_interfaces/cmake/my_robot_interfaces__rosidl_typesupport_introspection_cppExport.cmake
[2.986s] -- Installing: /home/dev/git/mobile_robot_python/ros2_ws/install/my_robot_interfaces/share/my_robot_interfaces/cmake/my_robot_interfaces__rosidl_typesupport_introspection_cppExport-noconfig.cmake
[2.986s] -- Up-to-date: /home/dev/git/mobile_robot_python/ros2_ws/install/my_robot_interfaces/share/my_robot_interfaces/cmake/my_robot_interfaces__rosidl_typesupport_cppExport.cmake
[2.986s] -- Installing: /home/dev/git/mobile_robot_python/ros2_ws/install/my_robot_interfaces/share/my_robot_interfaces/cmake/my_robot_interfaces__rosidl_typesupport_cppExport-noconfig.cmake
[2.986s] -- Installing: /home/dev/git/mobile_robot_python/ros2_ws/install/my_robot_interfaces/share/my_robot_interfaces/cmake/rosidl_cmake-extras.cmake
[2.987s] -- Up-to-date: /home/dev/git/mobile_robot_python/ros2_ws/install/my_robot_interfaces/share/my_robot_interfaces/cmake/ament_cmake_export_dependencies-extras.cmake
[2.987s] -- Up-to-date: /home/dev/git/mobile_robot_python/ros2_ws/install/my_robot_interfaces/share/my_robot_interfaces/cmake/ament_cmake_export_libraries-extras.cmake
[2.987s] -- Up-to-date: /home/dev/git/mobile_robot_python/ros2_ws/install/my_robot_interfaces/share/my_robot_interfaces/cmake/ament_cmake_export_targets-extras.cmake
[2.987s] -- Up-to-date: /home/dev/git/mobile_robot_python/ros2_ws/install/my_robot_interfaces/share/my_robot_interfaces/cmake/ament_cmake_export_include_directories-extras.cmake
[2.987s] -- Up-to-date: /home/dev/git/mobile_robot_python/ros2_ws/install/my_robot_interfaces/share/my_robot_interfaces/cmake/rosidl_cmake_export_typesupport_libraries-extras.cmake
[2.987s] -- Up-to-date: /home/dev/git/mobile_robot_python/ros2_ws/install/my_robot_interfaces/share/my_robot_interfaces/cmake/rosidl_cmake_export_typesupport_targets-extras.cmake
[2.987s] -- Up-to-date: /home/dev/git/mobile_robot_python/ros2_ws/install/my_robot_interfaces/share/my_robot_interfaces/cmake/my_robot_interfacesConfig.cmake
[2.987s] -- Up-to-date: /home/dev/git/mobile_robot_python/ros2_ws/install/my_robot_interfaces/share/my_robot_interfaces/cmake/my_robot_interfacesConfig-version.cmake
[2.987s] -- Up-to-date: /home/dev/git/mobile_robot_python/ros2_ws/install/my_robot_interfaces/share/my_robot_interfaces/package.xml
[2.990s] Invoked command in '/home/dev/git/mobile_robot_python/ros2_ws/build/my_robot_interfaces' returned '0': CMAKE_PREFIX_PATH=/home/dev/git/mobile_robot_python/ros2_ws/install/my_pypkg:/opt/ros/foxy /usr/bin/cmake --install /home/dev/git/mobile_robot_python/ros2_ws/build/my_robot_interfaces
