[0.017s] Invoking command in '/home/dev/git/mobile_robot_python/ros2_ws/build/my_robot_interfaces': CMAKE_PREFIX_PATH=${CMAKE_PREFIX_PATH}:/home/dev/git/mobile_robot_python/ros2_ws/install/my_pypkg:/opt/ros/foxy /usr/bin/cmake --build /home/dev/git/mobile_robot_python/ros2_ws/build/my_robot_interfaces -- -j4 -l4
[0.042s] -- Found ament_cmake: 0.9.11 (/opt/ros/foxy/share/ament_cmake/cmake)
[0.067s] -- Found PythonInterp: /usr/bin/python3 (found suitable version "3.8.10", minimum required is "3") 
[0.067s] -- Using PYTHON_EXECUTABLE: /usr/bin/python3
[0.175s] -- Found rosidl_default_generators: 1.0.1 (/opt/ros/foxy/share/rosidl_default_generators/cmake)
[0.182s] -- Using all available rosidl_typesupport_c: rosidl_typesupport_fastrtps_c;rosidl_typesupport_introspection_c
[0.182s] -- Found rosidl_adapter: 1.3.0 (/opt/ros/foxy/share/rosidl_adapter/cmake)
[0.277s] -- Using all available rosidl_typesupport_cpp: rosidl_typesupport_fastrtps_cpp;rosidl_typesupport_introspection_cpp
[0.310s] -- Found PythonInterp: /usr/bin/python3 (found version "3.8.10") 
[0.397s] -- Found ament_cmake_ros: 0.9.2 (/opt/ros/foxy/share/ament_cmake_ros/cmake)
[0.461s] -- Using all available rosidl_typesupport_c: rosidl_typesupport_fastrtps_c;rosidl_typesupport_introspection_c
[0.468s] -- Using all available rosidl_typesupport_cpp: rosidl_typesupport_fastrtps_cpp;rosidl_typesupport_introspection_cpp
[0.487s] -- Found PythonInterp: /usr/bin/python3 (found suitable version "3.8.10", minimum required is "3.5") 
[0.487s] -- Found python_cmake_module: 0.8.1 (/opt/ros/foxy/share/python_cmake_module/cmake)
[0.511s] -- Using PYTHON_EXECUTABLE: /usr/bin/python3
[0.512s] -- Using PYTHON_INCLUDE_DIRS: /usr/include/python3.8
[0.512s] -- Using PYTHON_LIBRARIES: /usr/lib/x86_64-linux-gnu/libpython3.8.so
[0.526s] -- Configuring done
[0.561s] -- Generating done
[0.567s] -- Build files have been written to: /home/dev/git/mobile_robot_python/ros2_ws/build/my_robot_interfaces
[0.591s] [35m[1mScanning dependencies of target my_robot_interfaces__cpp[0m
[0.592s] [  2%] [34m[1mGenerating C code for ROS interfaces[0m
[0.605s] [  4%] [34m[1mGenerating C++ code for ROS interfaces[0m
[0.868s] [  4%] Built target my_robot_interfaces__cpp
[0.868s] [35m[1mScanning dependencies of target my_robot_interfaces__rosidl_generator_c[0m
[0.876s] [  6%] [34m[1mGenerating C++ type support for eProsima Fast-RTPS[0m
[0.877s] [  8%] [34m[1mGenerating C++ introspection for ROS interfaces[0m
[0.880s] [ 10%] [34m[1mGenerating C++ type support dispatch for ROS interfaces[0m
[0.886s] [ 12%] [32mBuilding C object CMakeFiles/my_robot_interfaces__rosidl_generator_c.dir/rosidl_generator_c/my_robot_interfaces/msg/detail/hardware_status__functions.c.o[0m
[0.928s] [ 14%] [32mBuilding C object CMakeFiles/my_robot_interfaces__rosidl_generator_c.dir/rosidl_generator_c/my_robot_interfaces/msg/detail/led_state_array__functions.c.o[0m
[0.963s] [ 17%] [32mBuilding C object CMakeFiles/my_robot_interfaces__rosidl_generator_c.dir/rosidl_generator_c/my_robot_interfaces/srv/detail/compute_rectangle_area__functions.c.o[0m
[1.002s] [ 19%] [32m[1mLinking C shared library libmy_robot_interfaces__rosidl_generator_c.so[0m
[1.029s] [ 19%] Built target my_robot_interfaces__rosidl_generator_c
[1.040s] [ 21%] [34m[1mGenerating C introspection for ROS interfaces[0m
[1.051s] [35m[1mScanning dependencies of target my_robot_interfaces__rosidl_typesupport_cpp[0m
[1.061s] [ 23%] [32mBuilding CXX object CMakeFiles/my_robot_interfaces__rosidl_typesupport_cpp.dir/rosidl_typesupport_cpp/my_robot_interfaces/msg/hardware_status__type_support.cpp.o[0m
[1.095s] [35m[1mScanning dependencies of target my_robot_interfaces__rosidl_typesupport_introspection_cpp[0m
[1.110s] [35m[1mScanning dependencies of target my_robot_interfaces__rosidl_typesupport_fastrtps_cpp[0m
[1.112s] [ 25%] [32mBuilding CXX object CMakeFiles/my_robot_interfaces__rosidl_typesupport_introspection_cpp.dir/rosidl_typesupport_introspection_cpp/my_robot_interfaces/msg/detail/hardware_status__type_support.cpp.o[0m
[1.167s] [ 27%] [32mBuilding CXX object CMakeFiles/my_robot_interfaces__rosidl_typesupport_fastrtps_cpp.dir/rosidl_typesupport_fastrtps_cpp/my_robot_interfaces/msg/detail/dds_fastrtps/hardware_status__type_support.cpp.o[0m
[1.232s] [ 29%] [32mBuilding CXX object CMakeFiles/my_robot_interfaces__rosidl_typesupport_cpp.dir/rosidl_typesupport_cpp/my_robot_interfaces/msg/led_state_array__type_support.cpp.o[0m
[1.271s] [35m[1mScanning dependencies of target my_robot_interfaces__rosidl_typesupport_introspection_c[0m
[1.275s] [ 31%] [32mBuilding CXX object CMakeFiles/my_robot_interfaces__rosidl_typesupport_introspection_cpp.dir/rosidl_typesupport_introspection_cpp/my_robot_interfaces/msg/detail/led_state_array__type_support.cpp.o[0m
[1.285s] [ 34%] [32mBuilding C object CMakeFiles/my_robot_interfaces__rosidl_typesupport_introspection_c.dir/rosidl_typesupport_introspection_c/my_robot_interfaces/msg/detail/hardware_status__type_support.c.o[0m
[1.307s] [ 36%] [32mBuilding C object CMakeFiles/my_robot_interfaces__rosidl_typesupport_introspection_c.dir/rosidl_typesupport_introspection_c/my_robot_interfaces/msg/detail/led_state_array__type_support.c.o[0m
[1.343s] [ 38%] [32mBuilding C object CMakeFiles/my_robot_interfaces__rosidl_typesupport_introspection_c.dir/rosidl_typesupport_introspection_c/my_robot_interfaces/srv/detail/compute_rectangle_area__type_support.c.o[0m
[1.379s] [ 40%] [32m[1mLinking C shared library libmy_robot_interfaces__rosidl_typesupport_introspection_c.so[0m
[1.404s] [ 42%] [32mBuilding CXX object CMakeFiles/my_robot_interfaces__rosidl_typesupport_cpp.dir/rosidl_typesupport_cpp/my_robot_interfaces/srv/compute_rectangle_area__type_support.cpp.o[0m
[1.411s] [ 42%] Built target my_robot_interfaces__rosidl_typesupport_introspection_c
[1.420s] [ 44%] [34m[1mGenerating C type support dispatch for ROS interfaces[0m
[1.450s] [ 46%] [32mBuilding CXX object CMakeFiles/my_robot_interfaces__rosidl_typesupport_fastrtps_cpp.dir/rosidl_typesupport_fastrtps_cpp/my_robot_interfaces/msg/detail/dds_fastrtps/led_state_array__type_support.cpp.o[0m
[1.504s] [ 48%] [32mBuilding CXX object CMakeFiles/my_robot_interfaces__rosidl_typesupport_introspection_cpp.dir/rosidl_typesupport_introspection_cpp/my_robot_interfaces/srv/detail/compute_rectangle_area__type_support.cpp.o[0m
[1.581s] [35m[1mScanning dependencies of target my_robot_interfaces__rosidl_typesupport_c[0m
[1.590s] [ 51%] [32m[1mLinking CXX shared library libmy_robot_interfaces__rosidl_typesupport_cpp.so[0m
[1.600s] [ 53%] [32mBuilding CXX object CMakeFiles/my_robot_interfaces__rosidl_typesupport_c.dir/rosidl_typesupport_c/my_robot_interfaces/msg/hardware_status__type_support.cpp.o[0m
[1.620s] [ 55%] [32mBuilding CXX object CMakeFiles/my_robot_interfaces__rosidl_typesupport_c.dir/rosidl_typesupport_c/my_robot_interfaces/msg/led_state_array__type_support.cpp.o[0m
[1.635s] [ 55%] Built target my_robot_interfaces__rosidl_typesupport_cpp
[1.648s] [ 57%] [32mBuilding CXX object CMakeFiles/my_robot_interfaces__rosidl_typesupport_fastrtps_cpp.dir/rosidl_typesupport_fastrtps_cpp/my_robot_interfaces/srv/detail/dds_fastrtps/compute_rectangle_area__type_support.cpp.o[0m
[1.650s] [ 59%] [32mBuilding CXX object CMakeFiles/my_robot_interfaces__rosidl_typesupport_c.dir/rosidl_typesupport_c/my_robot_interfaces/srv/compute_rectangle_area__type_support.cpp.o[0m
[1.673s] [ 61%] [32m[1mLinking CXX shared library libmy_robot_interfaces__rosidl_typesupport_c.so[0m
[1.695s] [ 63%] [32m[1mLinking CXX shared library libmy_robot_interfaces__rosidl_typesupport_introspection_cpp.so[0m
[1.708s] [ 63%] Built target my_robot_interfaces__rosidl_typesupport_c
[1.751s] [ 63%] Built target my_robot_interfaces__rosidl_typesupport_introspection_cpp
[1.882s] [ 65%] [32m[1mLinking CXX shared library libmy_robot_interfaces__rosidl_typesupport_fastrtps_cpp.so[0m
[1.949s] [ 65%] Built target my_robot_interfaces__rosidl_typesupport_fastrtps_cpp
[1.959s] [ 68%] [34m[1mGenerating C type support for eProsima Fast-RTPS[0m
[2.135s] [35m[1mScanning dependencies of target my_robot_interfaces__rosidl_typesupport_fastrtps_c[0m
[2.158s] [ 72%] [32mBuilding CXX object CMakeFiles/my_robot_interfaces__rosidl_typesupport_fastrtps_c.dir/rosidl_typesupport_fastrtps_c/my_robot_interfaces/msg/detail/led_state_array__type_support_c.cpp.o[0m
[2.158s] [ 72%] [32mBuilding CXX object CMakeFiles/my_robot_interfaces__rosidl_typesupport_fastrtps_c.dir/rosidl_typesupport_fastrtps_c/my_robot_interfaces/msg/detail/hardware_status__type_support_c.cpp.o[0m
[2.159s] [ 74%] [32mBuilding CXX object CMakeFiles/my_robot_interfaces__rosidl_typesupport_fastrtps_c.dir/rosidl_typesupport_fastrtps_c/my_robot_interfaces/srv/detail/compute_rectangle_area__type_support_c.cpp.o[0m
[2.378s] [ 76%] [32m[1mLinking CXX shared library libmy_robot_interfaces__rosidl_typesupport_fastrtps_c.so[0m
[2.438s] [ 76%] Built target my_robot_interfaces__rosidl_typesupport_fastrtps_c
[2.455s] [ 76%] Built target my_robot_interfaces
[2.464s] [35m[1mScanning dependencies of target my_robot_interfaces__py[0m
[2.473s] [ 78%] [34m[1mGenerating Python code for ROS interfaces[0m
[2.818s] [ 78%] Built target my_robot_interfaces__py
[2.828s] [35m[1mScanning dependencies of target my_robot_interfaces__python[0m
[2.847s] [ 80%] [32mBuilding C object CMakeFiles/my_robot_interfaces__python.dir/rosidl_generator_py/my_robot_interfaces/msg/_hardware_status_s.c.o[0m
[2.847s] [ 82%] [32mBuilding C object CMakeFiles/my_robot_interfaces__python.dir/rosidl_generator_py/my_robot_interfaces/msg/_led_state_array_s.c.o[0m
[2.857s] [ 85%] [32mBuilding C object CMakeFiles/my_robot_interfaces__python.dir/rosidl_generator_py/my_robot_interfaces/srv/_compute_rectangle_area_s.c.o[0m
[2.925s] [ 87%] [32m[1mLinking C shared library rosidl_generator_py/my_robot_interfaces/libmy_robot_interfaces__python.so[0m
[2.956s] [ 87%] Built target my_robot_interfaces__python
[2.966s] [35m[1mScanning dependencies of target my_robot_interfaces__rosidl_typesupport_introspection_c__pyext[0m
[2.970s] [35m[1mScanning dependencies of target my_robot_interfaces__rosidl_typesupport_fastrtps_c__pyext[0m
[2.971s] [35m[1mScanning dependencies of target my_robot_interfaces__rosidl_typesupport_c__pyext[0m
[2.983s] [ 89%] [32mBuilding C object CMakeFiles/my_robot_interfaces__rosidl_typesupport_introspection_c__pyext.dir/rosidl_generator_py/my_robot_interfaces/_my_robot_interfaces_s.ep.rosidl_typesupport_introspection_c.c.o[0m
[2.985s] [ 91%] [32mBuilding C object CMakeFiles/my_robot_interfaces__rosidl_typesupport_c__pyext.dir/rosidl_generator_py/my_robot_interfaces/_my_robot_interfaces_s.ep.rosidl_typesupport_c.c.o[0m
[2.986s] [ 93%] [32mBuilding C object CMakeFiles/my_robot_interfaces__rosidl_typesupport_fastrtps_c__pyext.dir/rosidl_generator_py/my_robot_interfaces/_my_robot_interfaces_s.ep.rosidl_typesupport_fastrtps_c.c.o[0m
[3.037s] [ 95%] [32m[1mLinking C shared library rosidl_generator_py/my_robot_interfaces/my_robot_interfaces_s__rosidl_typesupport_c.cpython-38-x86_64-linux-gnu.so[0m
[3.066s] [ 97%] [32m[1mLinking C shared library rosidl_generator_py/my_robot_interfaces/my_robot_interfaces_s__rosidl_typesupport_introspection_c.cpython-38-x86_64-linux-gnu.so[0m
[3.068s] [ 97%] Built target my_robot_interfaces__rosidl_typesupport_c__pyext
[3.070s] [100%] [32m[1mLinking CXX shared library rosidl_generator_py/my_robot_interfaces/my_robot_interfaces_s__rosidl_typesupport_fastrtps_c.cpython-38-x86_64-linux-gnu.so[0m
[3.093s] [100%] Built target my_robot_interfaces__rosidl_typesupport_introspection_c__pyext
[3.114s] [100%] Built target my_robot_interfaces__rosidl_typesupport_fastrtps_c__pyext
[3.127s] Invoked command in '/home/dev/git/mobile_robot_python/ros2_ws/build/my_robot_interfaces' returned '0': CMAKE_PREFIX_PATH=${CMAKE_PREFIX_PATH}:/home/dev/git/mobile_robot_python/ros2_ws/install/my_pypkg:/opt/ros/foxy /usr/bin/cmake --build /home/dev/git/mobile_robot_python/ros2_ws/build/my_robot_interfaces -- -j4 -l4
[3.241s] Invoking command in '/home/dev/git/mobile_robot_python/ros2_ws/build/my_robot_interfaces': CMAKE_PREFIX_PATH=${CMAKE_PREFIX_PATH}:/home/dev/git/mobile_robot_python/ros2_ws/install/my_pypkg:/opt/ros/foxy /usr/bin/cmake --install /home/dev/git/mobile_robot_python/ros2_ws/build/my_robot_interfaces
[3.247s] -- Install configuration: ""
[3.247s] -- Installing: /home/dev/git/mobile_robot_python/ros2_ws/install/my_robot_interfaces/share/ament_index/resource_index/rosidl_interfaces/my_robot_interfaces
[3.247s] -- Up-to-date: /home/dev/git/mobile_robot_python/ros2_ws/install/my_robot_interfaces/include/my_robot_interfaces
[3.248s] -- Up-to-date: /home/dev/git/mobile_robot_python/ros2_ws/install/my_robot_interfaces/include/my_robot_interfaces/srv
[3.248s] -- Installing: /home/dev/git/mobile_robot_python/ros2_ws/install/my_robot_interfaces/include/my_robot_interfaces/srv/compute_rectangle_area.h
[3.248s] -- Up-to-date: /home/dev/git/mobile_robot_python/ros2_ws/install/my_robot_interfaces/include/my_robot_interfaces/srv/detail
[3.248s] -- Installing: /home/dev/git/mobile_robot_python/ros2_ws/install/my_robot_interfaces/include/my_robot_interfaces/srv/detail/compute_rectangle_area__functions.h
[3.249s] -- Installing: /home/dev/git/mobile_robot_python/ros2_ws/install/my_robot_interfaces/include/my_robot_interfaces/srv/detail/compute_rectangle_area__struct.h
[3.249s] -- Installing: /home/dev/git/mobile_robot_python/ros2_ws/install/my_robot_interfaces/include/my_robot_interfaces/srv/detail/compute_rectangle_area__type_support.h
[3.249s] -- Installing: /home/dev/git/mobile_robot_python/ros2_ws/install/my_robot_interfaces/include/my_robot_interfaces/srv/detail/compute_rectangle_area__functions.c
[3.249s] -- Up-to-date: /home/dev/git/mobile_robot_python/ros2_ws/install/my_robot_interfaces/include/my_robot_interfaces/msg
[3.249s] -- Installing: /home/dev/git/mobile_robot_python/ros2_ws/install/my_robot_interfaces/include/my_robot_interfaces/msg/led_state_array.h
[3.249s] -- Up-to-date: /home/dev/git/mobile_robot_python/ros2_ws/install/my_robot_interfaces/include/my_robot_interfaces/msg/detail
[3.249s] -- Installing: /home/dev/git/mobile_robot_python/ros2_ws/install/my_robot_interfaces/include/my_robot_interfaces/msg/detail/hardware_status__type_support.h
[3.249s] -- Installing: /home/dev/git/mobile_robot_python/ros2_ws/install/my_robot_interfaces/include/my_robot_interfaces/msg/detail/hardware_status__struct.h
[3.250s] -- Installing: /home/dev/git/mobile_robot_python/ros2_ws/install/my_robot_interfaces/include/my_robot_interfaces/msg/detail/hardware_status__functions.c
[3.250s] -- Installing: /home/dev/git/mobile_robot_python/ros2_ws/install/my_robot_interfaces/include/my_robot_interfaces/msg/detail/led_state_array__functions.c
[3.250s] -- Installing: /home/dev/git/mobile_robot_python/ros2_ws/install/my_robot_interfaces/include/my_robot_interfaces/msg/detail/led_state_array__functions.h
[3.250s] -- Installing: /home/dev/git/mobile_robot_python/ros2_ws/install/my_robot_interfaces/include/my_robot_interfaces/msg/detail/led_state_array__struct.h
[3.250s] -- Installing: /home/dev/git/mobile_robot_python/ros2_ws/install/my_robot_interfaces/include/my_robot_interfaces/msg/detail/led_state_array__type_support.h
[3.250s] -- Installing: /home/dev/git/mobile_robot_python/ros2_ws/install/my_robot_interfaces/include/my_robot_interfaces/msg/detail/hardware_status__functions.h
[3.250s] -- Installing: /home/dev/git/mobile_robot_python/ros2_ws/install/my_robot_interfaces/include/my_robot_interfaces/msg/hardware_status.h
[3.250s] -- Up-to-date: /home/dev/git/mobile_robot_python/ros2_ws/install/my_robot_interfaces/include/my_robot_interfaces/msg/rosidl_generator_c__visibility_control.h
[3.250s] -- Up-to-date: /home/dev/git/mobile_robot_python/ros2_ws/install/my_robot_interfaces/share/my_robot_interfaces/environment/library_path.sh
[3.250s] -- Installing: /home/dev/git/mobile_robot_python/ros2_ws/install/my_robot_interfaces/share/my_robot_interfaces/environment/library_path.dsv
[3.250s] -- Installing: /home/dev/git/mobile_robot_python/ros2_ws/install/my_robot_interfaces/lib/libmy_robot_interfaces__rosidl_generator_c.so
[3.250s] -- Set runtime path of "/home/dev/git/mobile_robot_python/ros2_ws/install/my_robot_interfaces/lib/libmy_robot_interfaces__rosidl_generator_c.so" to ""
[3.250s] -- Up-to-date: /home/dev/git/mobile_robot_python/ros2_ws/install/my_robot_interfaces/include/my_robot_interfaces
[3.250s] -- Up-to-date: /home/dev/git/mobile_robot_python/ros2_ws/install/my_robot_interfaces/include/my_robot_interfaces/srv
[3.251s] -- Up-to-date: /home/dev/git/mobile_robot_python/ros2_ws/install/my_robot_interfaces/include/my_robot_interfaces/srv/detail
[3.251s] -- Installing: /home/dev/git/mobile_robot_python/ros2_ws/install/my_robot_interfaces/include/my_robot_interfaces/srv/detail/compute_rectangle_area__rosidl_typesupport_fastrtps_c.h
[3.251s] -- Up-to-date: /home/dev/git/mobile_robot_python/ros2_ws/install/my_robot_interfaces/include/my_robot_interfaces/msg
[3.251s] -- Up-to-date: /home/dev/git/mobile_robot_python/ros2_ws/install/my_robot_interfaces/include/my_robot_interfaces/msg/detail
[3.251s] -- Installing: /home/dev/git/mobile_robot_python/ros2_ws/install/my_robot_interfaces/include/my_robot_interfaces/msg/detail/hardware_status__rosidl_typesupport_fastrtps_c.h
[3.251s] -- Installing: /home/dev/git/mobile_robot_python/ros2_ws/install/my_robot_interfaces/include/my_robot_interfaces/msg/detail/led_state_array__rosidl_typesupport_fastrtps_c.h
[3.252s] -- Up-to-date: /home/dev/git/mobile_robot_python/ros2_ws/install/my_robot_interfaces/include/my_robot_interfaces/msg/rosidl_typesupport_fastrtps_c__visibility_control.h
[3.252s] -- Installing: /home/dev/git/mobile_robot_python/ros2_ws/install/my_robot_interfaces/lib/libmy_robot_interfaces__rosidl_typesupport_fastrtps_c.so
[3.253s] -- Set runtime path of "/home/dev/git/mobile_robot_python/ros2_ws/install/my_robot_interfaces/lib/libmy_robot_interfaces__rosidl_typesupport_fastrtps_c.so" to ""
[3.253s] -- Up-to-date: /home/dev/git/mobile_robot_python/ros2_ws/install/my_robot_interfaces/include/my_robot_interfaces
[3.253s] -- Up-to-date: /home/dev/git/mobile_robot_python/ros2_ws/install/my_robot_interfaces/include/my_robot_interfaces/srv
[3.253s] -- Up-to-date: /home/dev/git/mobile_robot_python/ros2_ws/install/my_robot_interfaces/include/my_robot_interfaces/srv/detail
[3.253s] -- Up-to-date: /home/dev/git/mobile_robot_python/ros2_ws/install/my_robot_interfaces/include/my_robot_interfaces/srv/detail/dds_fastrtps
[3.253s] -- Installing: /home/dev/git/mobile_robot_python/ros2_ws/install/my_robot_interfaces/include/my_robot_interfaces/srv/detail/compute_rectangle_area__rosidl_typesupport_fastrtps_cpp.hpp
[3.253s] -- Up-to-date: /home/dev/git/mobile_robot_python/ros2_ws/install/my_robot_interfaces/include/my_robot_interfaces/msg
[3.253s] -- Up-to-date: /home/dev/git/mobile_robot_python/ros2_ws/install/my_robot_interfaces/include/my_robot_interfaces/msg/detail
[3.254s] -- Installing: /home/dev/git/mobile_robot_python/ros2_ws/install/my_robot_interfaces/include/my_robot_interfaces/msg/detail/led_state_array__rosidl_typesupport_fastrtps_cpp.hpp
[3.254s] -- Up-to-date: /home/dev/git/mobile_robot_python/ros2_ws/install/my_robot_interfaces/include/my_robot_interfaces/msg/detail/dds_fastrtps
[3.254s] -- Installing: /home/dev/git/mobile_robot_python/ros2_ws/install/my_robot_interfaces/include/my_robot_interfaces/msg/detail/hardware_status__rosidl_typesupport_fastrtps_cpp.hpp
[3.254s] -- Up-to-date: /home/dev/git/mobile_robot_python/ros2_ws/install/my_robot_interfaces/include/my_robot_interfaces/msg/rosidl_typesupport_fastrtps_cpp__visibility_control.h
[3.254s] -- Installing: /home/dev/git/mobile_robot_python/ros2_ws/install/my_robot_interfaces/lib/libmy_robot_interfaces__rosidl_typesupport_fastrtps_cpp.so
[3.254s] -- Set runtime path of "/home/dev/git/mobile_robot_python/ros2_ws/install/my_robot_interfaces/lib/libmy_robot_interfaces__rosidl_typesupport_fastrtps_cpp.so" to ""
[3.254s] -- Up-to-date: /home/dev/git/mobile_robot_python/ros2_ws/install/my_robot_interfaces/include/my_robot_interfaces
[3.254s] -- Up-to-date: /home/dev/git/mobile_robot_python/ros2_ws/install/my_robot_interfaces/include/my_robot_interfaces/srv
[3.254s] -- Up-to-date: /home/dev/git/mobile_robot_python/ros2_ws/install/my_robot_interfaces/include/my_robot_interfaces/srv/detail
[3.254s] -- Installing: /home/dev/git/mobile_robot_python/ros2_ws/install/my_robot_interfaces/include/my_robot_interfaces/srv/detail/compute_rectangle_area__rosidl_typesupport_introspection_c.h
[3.255s] -- Installing: /home/dev/git/mobile_robot_python/ros2_ws/install/my_robot_interfaces/include/my_robot_interfaces/srv/detail/compute_rectangle_area__type_support.c
[3.255s] -- Up-to-date: /home/dev/git/mobile_robot_python/ros2_ws/install/my_robot_interfaces/include/my_robot_interfaces/msg
[3.255s] -- Up-to-date: /home/dev/git/mobile_robot_python/ros2_ws/install/my_robot_interfaces/include/my_robot_interfaces/msg/rosidl_typesupport_introspection_c__visibility_control.h
[3.255s] -- Up-to-date: /home/dev/git/mobile_robot_python/ros2_ws/install/my_robot_interfaces/include/my_robot_interfaces/msg/detail
[3.255s] -- Installing: /home/dev/git/mobile_robot_python/ros2_ws/install/my_robot_interfaces/include/my_robot_interfaces/msg/detail/led_state_array__rosidl_typesupport_introspection_c.h
[3.256s] -- Installing: /home/dev/git/mobile_robot_python/ros2_ws/install/my_robot_interfaces/include/my_robot_interfaces/msg/detail/hardware_status__rosidl_typesupport_introspection_c.h
[3.256s] -- Installing: /home/dev/git/mobile_robot_python/ros2_ws/install/my_robot_interfaces/include/my_robot_interfaces/msg/detail/led_state_array__type_support.c
[3.256s] -- Installing: /home/dev/git/mobile_robot_python/ros2_ws/install/my_robot_interfaces/include/my_robot_interfaces/msg/detail/hardware_status__type_support.c
[3.256s] -- Installing: /home/dev/git/mobile_robot_python/ros2_ws/install/my_robot_interfaces/lib/libmy_robot_interfaces__rosidl_typesupport_introspection_c.so
[3.256s] -- Set runtime path of "/home/dev/git/mobile_robot_python/ros2_ws/install/my_robot_interfaces/lib/libmy_robot_interfaces__rosidl_typesupport_introspection_c.so" to ""
[3.256s] -- Installing: /home/dev/git/mobile_robot_python/ros2_ws/install/my_robot_interfaces/lib/libmy_robot_interfaces__rosidl_typesupport_c.so
[3.256s] -- Set runtime path of "/home/dev/git/mobile_robot_python/ros2_ws/install/my_robot_interfaces/lib/libmy_robot_interfaces__rosidl_typesupport_c.so" to ""
[3.256s] -- Up-to-date: /home/dev/git/mobile_robot_python/ros2_ws/install/my_robot_interfaces/include/my_robot_interfaces
[3.257s] -- Up-to-date: /home/dev/git/mobile_robot_python/ros2_ws/install/my_robot_interfaces/include/my_robot_interfaces/srv
[3.257s] -- Up-to-date: /home/dev/git/mobile_robot_python/ros2_ws/install/my_robot_interfaces/include/my_robot_interfaces/srv/detail
[3.257s] -- Installing: /home/dev/git/mobile_robot_python/ros2_ws/install/my_robot_interfaces/include/my_robot_interfaces/srv/detail/compute_rectangle_area__struct.hpp
[3.257s] -- Installing: /home/dev/git/mobile_robot_python/ros2_ws/install/my_robot_interfaces/include/my_robot_interfaces/srv/detail/compute_rectangle_area__builder.hpp
[3.257s] -- Installing: /home/dev/git/mobile_robot_python/ros2_ws/install/my_robot_interfaces/include/my_robot_interfaces/srv/detail/compute_rectangle_area__traits.hpp
[3.257s] -- Installing: /home/dev/git/mobile_robot_python/ros2_ws/install/my_robot_interfaces/include/my_robot_interfaces/srv/compute_rectangle_area.hpp
[3.257s] -- Up-to-date: /home/dev/git/mobile_robot_python/ros2_ws/install/my_robot_interfaces/include/my_robot_interfaces/msg
[3.258s] -- Installing: /home/dev/git/mobile_robot_python/ros2_ws/install/my_robot_interfaces/include/my_robot_interfaces/msg/led_state_array.hpp
[3.258s] -- Installing: /home/dev/git/mobile_robot_python/ros2_ws/install/my_robot_interfaces/include/my_robot_interfaces/msg/hardware_status.hpp
[3.258s] -- Up-to-date: /home/dev/git/mobile_robot_python/ros2_ws/install/my_robot_interfaces/include/my_robot_interfaces/msg/detail
[3.258s] -- Installing: /home/dev/git/mobile_robot_python/ros2_ws/install/my_robot_interfaces/include/my_robot_interfaces/msg/detail/hardware_status__builder.hpp
[3.258s] -- Installing: /home/dev/git/mobile_robot_python/ros2_ws/install/my_robot_interfaces/include/my_robot_interfaces/msg/detail/led_state_array__builder.hpp
[3.258s] -- Installing: /home/dev/git/mobile_robot_python/ros2_ws/install/my_robot_interfaces/include/my_robot_interfaces/msg/detail/led_state_array__traits.hpp
[3.258s] -- Installing: /home/dev/git/mobile_robot_python/ros2_ws/install/my_robot_interfaces/include/my_robot_interfaces/msg/detail/hardware_status__struct.hpp
[3.258s] -- Installing: /home/dev/git/mobile_robot_python/ros2_ws/install/my_robot_interfaces/include/my_robot_interfaces/msg/detail/led_state_array__struct.hpp
[3.258s] -- Installing: /home/dev/git/mobile_robot_python/ros2_ws/install/my_robot_interfaces/include/my_robot_interfaces/msg/detail/hardware_status__traits.hpp
[3.258s] -- Up-to-date: /home/dev/git/mobile_robot_python/ros2_ws/install/my_robot_interfaces/include/my_robot_interfaces
[3.258s] -- Up-to-date: /home/dev/git/mobile_robot_python/ros2_ws/install/my_robot_interfaces/include/my_robot_interfaces/srv
[3.258s] -- Up-to-date: /home/dev/git/mobile_robot_python/ros2_ws/install/my_robot_interfaces/include/my_robot_interfaces/srv/detail
[3.258s] -- Installing: /home/dev/git/mobile_robot_python/ros2_ws/install/my_robot_interfaces/include/my_robot_interfaces/srv/detail/compute_rectangle_area__type_support.cpp
[3.258s] -- Installing: /home/dev/git/mobile_robot_python/ros2_ws/install/my_robot_interfaces/include/my_robot_interfaces/srv/detail/compute_rectangle_area__rosidl_typesupport_introspection_cpp.hpp
[3.258s] -- Up-to-date: /home/dev/git/mobile_robot_python/ros2_ws/install/my_robot_interfaces/include/my_robot_interfaces/msg
[3.258s] -- Up-to-date: /home/dev/git/mobile_robot_python/ros2_ws/install/my_robot_interfaces/include/my_robot_interfaces/msg/detail
[3.258s] -- Installing: /home/dev/git/mobile_robot_python/ros2_ws/install/my_robot_interfaces/include/my_robot_interfaces/msg/detail/hardware_status__rosidl_typesupport_introspection_cpp.hpp
[3.259s] -- Installing: /home/dev/git/mobile_robot_python/ros2_ws/install/my_robot_interfaces/include/my_robot_interfaces/msg/detail/hardware_status__type_support.cpp
[3.259s] -- Installing: /home/dev/git/mobile_robot_python/ros2_ws/install/my_robot_interfaces/include/my_robot_interfaces/msg/detail/led_state_array__type_support.cpp
[3.259s] -- Installing: /home/dev/git/mobile_robot_python/ros2_ws/install/my_robot_interfaces/include/my_robot_interfaces/msg/detail/led_state_array__rosidl_typesupport_introspection_cpp.hpp
[3.259s] -- Installing: /home/dev/git/mobile_robot_python/ros2_ws/install/my_robot_interfaces/lib/libmy_robot_interfaces__rosidl_typesupport_introspection_cpp.so
[3.259s] -- Set runtime path of "/home/dev/git/mobile_robot_python/ros2_ws/install/my_robot_interfaces/lib/libmy_robot_interfaces__rosidl_typesupport_introspection_cpp.so" to ""
[3.259s] -- Installing: /home/dev/git/mobile_robot_python/ros2_ws/install/my_robot_interfaces/lib/libmy_robot_interfaces__rosidl_typesupport_cpp.so
[3.259s] -- Set runtime path of "/home/dev/git/mobile_robot_python/ros2_ws/install/my_robot_interfaces/lib/libmy_robot_interfaces__rosidl_typesupport_cpp.so" to ""
[3.259s] -- Up-to-date: /home/dev/git/mobile_robot_python/ros2_ws/install/my_robot_interfaces/share/my_robot_interfaces/environment/pythonpath.sh
[3.259s] -- Installing: /home/dev/git/mobile_robot_python/ros2_ws/install/my_robot_interfaces/share/my_robot_interfaces/environment/pythonpath.dsv
[3.259s] -- Installing: /home/dev/git/mobile_robot_python/ros2_ws/install/my_robot_interfaces/lib/python3.8/site-packages/my_robot_interfaces/__init__.py
[3.278s] Compiling '/home/dev/git/mobile_robot_python/ros2_ws/install/my_robot_interfaces/lib/python3.8/site-packages/my_robot_interfaces/__init__.py'...
[3.281s] -- Up-to-date: /home/dev/git/mobile_robot_python/ros2_ws/install/my_robot_interfaces/lib/python3.8/site-packages/my_robot_interfaces/msg
[3.282s] -- Installing: /home/dev/git/mobile_robot_python/ros2_ws/install/my_robot_interfaces/lib/python3.8/site-packages/my_robot_interfaces/msg/_led_state_array_s.c
[3.282s] -- Installing: /home/dev/git/mobile_robot_python/ros2_ws/install/my_robot_interfaces/lib/python3.8/site-packages/my_robot_interfaces/msg/__init__.py
[3.282s] -- Installing: /home/dev/git/mobile_robot_python/ros2_ws/install/my_robot_interfaces/lib/python3.8/site-packages/my_robot_interfaces/msg/_led_state_array.py
[3.282s] -- Installing: /home/dev/git/mobile_robot_python/ros2_ws/install/my_robot_interfaces/lib/python3.8/site-packages/my_robot_interfaces/msg/_hardware_status.py
[3.282s] -- Installing: /home/dev/git/mobile_robot_python/ros2_ws/install/my_robot_interfaces/lib/python3.8/site-packages/my_robot_interfaces/msg/_hardware_status_s.c
[3.282s] -- Up-to-date: /home/dev/git/mobile_robot_python/ros2_ws/install/my_robot_interfaces/lib/python3.8/site-packages/my_robot_interfaces/srv
[3.283s] -- Installing: /home/dev/git/mobile_robot_python/ros2_ws/install/my_robot_interfaces/lib/python3.8/site-packages/my_robot_interfaces/srv/__init__.py
[3.283s] -- Installing: /home/dev/git/mobile_robot_python/ros2_ws/install/my_robot_interfaces/lib/python3.8/site-packages/my_robot_interfaces/srv/_compute_rectangle_area.py
[3.283s] -- Installing: /home/dev/git/mobile_robot_python/ros2_ws/install/my_robot_interfaces/lib/python3.8/site-packages/my_robot_interfaces/srv/_compute_rectangle_area_s.c
[3.283s] -- Installing: /home/dev/git/mobile_robot_python/ros2_ws/install/my_robot_interfaces/lib/python3.8/site-packages/my_robot_interfaces/my_robot_interfaces_s__rosidl_typesupport_fastrtps_c.cpython-38-x86_64-linux-gnu.so
[3.284s] -- Set runtime path of "/home/dev/git/mobile_robot_python/ros2_ws/install/my_robot_interfaces/lib/python3.8/site-packages/my_robot_interfaces/my_robot_interfaces_s__rosidl_typesupport_fastrtps_c.cpython-38-x86_64-linux-gnu.so" to ""
[3.284s] -- Installing: /home/dev/git/mobile_robot_python/ros2_ws/install/my_robot_interfaces/lib/python3.8/site-packages/my_robot_interfaces/my_robot_interfaces_s__rosidl_typesupport_introspection_c.cpython-38-x86_64-linux-gnu.so
[3.285s] -- Set runtime path of "/home/dev/git/mobile_robot_python/ros2_ws/install/my_robot_interfaces/lib/python3.8/site-packages/my_robot_interfaces/my_robot_interfaces_s__rosidl_typesupport_introspection_c.cpython-38-x86_64-linux-gnu.so" to ""
[3.285s] -- Installing: /home/dev/git/mobile_robot_python/ros2_ws/install/my_robot_interfaces/lib/python3.8/site-packages/my_robot_interfaces/my_robot_interfaces_s__rosidl_typesupport_c.cpython-38-x86_64-linux-gnu.so
[3.286s] -- Set runtime path of "/home/dev/git/mobile_robot_python/ros2_ws/install/my_robot_interfaces/lib/python3.8/site-packages/my_robot_interfaces/my_robot_interfaces_s__rosidl_typesupport_c.cpython-38-x86_64-linux-gnu.so" to ""
[3.286s] -- Installing: /home/dev/git/mobile_robot_python/ros2_ws/install/my_robot_interfaces/lib/libmy_robot_interfaces__python.so
[3.286s] -- Set runtime path of "/home/dev/git/mobile_robot_python/ros2_ws/install/my_robot_interfaces/lib/libmy_robot_interfaces__python.so" to ""
[3.286s] -- Up-to-date: /home/dev/git/mobile_robot_python/ros2_ws/install/my_robot_interfaces/share/my_robot_interfaces/msg/HardwareStatus.idl
[3.287s] -- Installing: /home/dev/git/mobile_robot_python/ros2_ws/install/my_robot_interfaces/share/my_robot_interfaces/msg/LedStateArray.idl
[3.287s] -- Up-to-date: /home/dev/git/mobile_robot_python/ros2_ws/install/my_robot_interfaces/share/my_robot_interfaces/srv/ComputeRectangleArea.idl
[3.287s] -- Up-to-date: /home/dev/git/mobile_robot_python/ros2_ws/install/my_robot_interfaces/share/my_robot_interfaces/msg/HardwareStatus.msg
[3.287s] -- Installing: /home/dev/git/mobile_robot_python/ros2_ws/install/my_robot_interfaces/share/my_robot_interfaces/msg/LedStateArray.msg
[3.288s] -- Up-to-date: /home/dev/git/mobile_robot_python/ros2_ws/install/my_robot_interfaces/share/my_robot_interfaces/srv/ComputeRectangleArea.srv
[3.288s] -- Up-to-date: /home/dev/git/mobile_robot_python/ros2_ws/install/my_robot_interfaces/share/my_robot_interfaces/srv/ComputeRectangleArea_Request.msg
[3.288s] -- Up-to-date: /home/dev/git/mobile_robot_python/ros2_ws/install/my_robot_interfaces/share/my_robot_interfaces/srv/ComputeRectangleArea_Response.msg
[3.288s] -- Up-to-date: /home/dev/git/mobile_robot_python/ros2_ws/install/my_robot_interfaces/share/ament_index/resource_index/package_run_dependencies/my_robot_interfaces
[3.288s] -- Installing: /home/dev/git/mobile_robot_python/ros2_ws/install/my_robot_interfaces/share/ament_index/resource_index/parent_prefix_path/my_robot_interfaces
[3.288s] -- Up-to-date: /home/dev/git/mobile_robot_python/ros2_ws/install/my_robot_interfaces/share/my_robot_interfaces/environment/ament_prefix_path.sh
[3.288s] -- Installing: /home/dev/git/mobile_robot_python/ros2_ws/install/my_robot_interfaces/share/my_robot_interfaces/environment/ament_prefix_path.dsv
[3.289s] -- Up-to-date: /home/dev/git/mobile_robot_python/ros2_ws/install/my_robot_interfaces/share/my_robot_interfaces/environment/path.sh
[3.289s] -- Installing: /home/dev/git/mobile_robot_python/ros2_ws/install/my_robot_interfaces/share/my_robot_interfaces/environment/path.dsv
[3.289s] -- Up-to-date: /home/dev/git/mobile_robot_python/ros2_ws/install/my_robot_interfaces/share/my_robot_interfaces/local_setup.bash
[3.289s] -- Up-to-date: /home/dev/git/mobile_robot_python/ros2_ws/install/my_robot_interfaces/share/my_robot_interfaces/local_setup.sh
[3.289s] -- Up-to-date: /home/dev/git/mobile_robot_python/ros2_ws/install/my_robot_interfaces/share/my_robot_interfaces/local_setup.zsh
[3.289s] -- Installing: /home/dev/git/mobile_robot_python/ros2_ws/install/my_robot_interfaces/share/my_robot_interfaces/local_setup.dsv
[3.289s] -- Installing: /home/dev/git/mobile_robot_python/ros2_ws/install/my_robot_interfaces/share/my_robot_interfaces/package.dsv
[3.289s] -- Up-to-date: /home/dev/git/mobile_robot_python/ros2_ws/install/my_robot_interfaces/share/ament_index/resource_index/packages/my_robot_interfaces
[3.289s] -- Up-to-date: /home/dev/git/mobile_robot_python/ros2_ws/install/my_robot_interfaces/share/my_robot_interfaces/cmake/my_robot_interfaces__rosidl_generator_cExport.cmake
[3.289s] -- Installing: /home/dev/git/mobile_robot_python/ros2_ws/install/my_robot_interfaces/share/my_robot_interfaces/cmake/my_robot_interfaces__rosidl_generator_cExport-noconfig.cmake
[3.290s] -- Up-to-date: /home/dev/git/mobile_robot_python/ros2_ws/install/my_robot_interfaces/share/my_robot_interfaces/cmake/my_robot_interfaces__rosidl_typesupport_introspection_cExport.cmake
[3.290s] -- Installing: /home/dev/git/mobile_robot_python/ros2_ws/install/my_robot_interfaces/share/my_robot_interfaces/cmake/my_robot_interfaces__rosidl_typesupport_introspection_cExport-noconfig.cmake
[3.290s] -- Up-to-date: /home/dev/git/mobile_robot_python/ros2_ws/install/my_robot_interfaces/share/my_robot_interfaces/cmake/my_robot_interfaces__rosidl_typesupport_cExport.cmake
[3.290s] -- Installing: /home/dev/git/mobile_robot_python/ros2_ws/install/my_robot_interfaces/share/my_robot_interfaces/cmake/my_robot_interfaces__rosidl_typesupport_cExport-noconfig.cmake
[3.290s] -- Up-to-date: /home/dev/git/mobile_robot_python/ros2_ws/install/my_robot_interfaces/share/my_robot_interfaces/cmake/my_robot_interfaces__rosidl_generator_cppExport.cmake
[3.290s] -- Up-to-date: /home/dev/git/mobile_robot_python/ros2_ws/install/my_robot_interfaces/share/my_robot_interfaces/cmake/my_robot_interfaces__rosidl_typesupport_introspection_cppExport.cmake
[3.290s] -- Installing: /home/dev/git/mobile_robot_python/ros2_ws/install/my_robot_interfaces/share/my_robot_interfaces/cmake/my_robot_interfaces__rosidl_typesupport_introspection_cppExport-noconfig.cmake
[3.291s] -- Up-to-date: /home/dev/git/mobile_robot_python/ros2_ws/install/my_robot_interfaces/share/my_robot_interfaces/cmake/my_robot_interfaces__rosidl_typesupport_cppExport.cmake
[3.291s] -- Installing: /home/dev/git/mobile_robot_python/ros2_ws/install/my_robot_interfaces/share/my_robot_interfaces/cmake/my_robot_interfaces__rosidl_typesupport_cppExport-noconfig.cmake
[3.292s] -- Installing: /home/dev/git/mobile_robot_python/ros2_ws/install/my_robot_interfaces/share/my_robot_interfaces/cmake/rosidl_cmake-extras.cmake
[3.292s] -- Up-to-date: /home/dev/git/mobile_robot_python/ros2_ws/install/my_robot_interfaces/share/my_robot_interfaces/cmake/ament_cmake_export_dependencies-extras.cmake
[3.292s] -- Up-to-date: /home/dev/git/mobile_robot_python/ros2_ws/install/my_robot_interfaces/share/my_robot_interfaces/cmake/ament_cmake_export_libraries-extras.cmake
[3.292s] -- Up-to-date: /home/dev/git/mobile_robot_python/ros2_ws/install/my_robot_interfaces/share/my_robot_interfaces/cmake/ament_cmake_export_targets-extras.cmake
[3.292s] -- Up-to-date: /home/dev/git/mobile_robot_python/ros2_ws/install/my_robot_interfaces/share/my_robot_interfaces/cmake/ament_cmake_export_include_directories-extras.cmake
[3.292s] -- Up-to-date: /home/dev/git/mobile_robot_python/ros2_ws/install/my_robot_interfaces/share/my_robot_interfaces/cmake/rosidl_cmake_export_typesupport_libraries-extras.cmake
[3.292s] -- Up-to-date: /home/dev/git/mobile_robot_python/ros2_ws/install/my_robot_interfaces/share/my_robot_interfaces/cmake/rosidl_cmake_export_typesupport_targets-extras.cmake
[3.292s] -- Up-to-date: /home/dev/git/mobile_robot_python/ros2_ws/install/my_robot_interfaces/share/my_robot_interfaces/cmake/my_robot_interfacesConfig.cmake
[3.292s] -- Up-to-date: /home/dev/git/mobile_robot_python/ros2_ws/install/my_robot_interfaces/share/my_robot_interfaces/cmake/my_robot_interfacesConfig-version.cmake
[3.292s] -- Up-to-date: /home/dev/git/mobile_robot_python/ros2_ws/install/my_robot_interfaces/share/my_robot_interfaces/package.xml
[3.294s] Invoked command in '/home/dev/git/mobile_robot_python/ros2_ws/build/my_robot_interfaces' returned '0': CMAKE_PREFIX_PATH=${CMAKE_PREFIX_PATH}:/home/dev/git/mobile_robot_python/ros2_ws/install/my_pypkg:/opt/ros/foxy /usr/bin/cmake --install /home/dev/git/mobile_robot_python/ros2_ws/build/my_robot_interfaces
