[0.174s] DEBUG:colcon:Command line arguments: ['/usr/bin/colcon', 'build', '--packages-select', 'my_pypkg', '--symlink-install']
[0.174s] DEBUG:colcon:Parsed command line arguments: Namespace(allow_overriding=[], ament_cmake_args=None, base_paths=['.'], build_base='build', catkin_cmake_args=None, catkin_skip_building_tests=False, cmake_args=None, cmake_clean_cache=False, cmake_clean_first=False, cmake_force_configure=False, cmake_target=None, cmake_target_skip_unavailable=False, continue_on_error=False, event_handlers=None, executor='parallel', ignore_user_meta=False, install_base='install', log_base=None, log_level=None, main=<bound method BuildVerb.main of <colcon_core.verb.build.BuildVerb object at 0x7f8a96011820>>, merge_install=False, metas=['./colcon.meta'], packages_above=None, packages_above_and_dependencies=None, packages_above_depth=None, packages_end=None, packages_ignore=None, packages_ignore_regex=None, packages_select=['my_pypkg'], packages_select_build_failed=False, packages_select_by_dep=None, packages_select_regex=None, packages_select_test_failures=False, packages_skip=None, packages_skip_build_finished=False, packages_skip_by_dep=None, packages_skip_regex=None, packages_skip_test_passed=False, packages_skip_up_to=None, packages_start=None, packages_up_to=None, packages_up_to_regex=None, parallel_workers=4, paths=None, symlink_install=True, test_result_base=None, verb_extension=<colcon_core.verb.build.BuildVerb object at 0x7f8a96011820>, verb_name='build', verb_parser=<colcon_defaults.argument_parser.defaults.DefaultArgumentsDecorator object at 0x7f8a96011d90>)
[0.192s] Level 1:colcon.colcon_core.package_discovery:discover_packages(colcon_meta) check parameters
[0.192s] Level 1:colcon.colcon_core.package_discovery:discover_packages(recursive) check parameters
[0.192s] Level 1:colcon.colcon_core.package_discovery:discover_packages(ignore) check parameters
[0.192s] Level 1:colcon.colcon_core.package_discovery:discover_packages(path) check parameters
[0.192s] Level 1:colcon.colcon_core.package_discovery:discover_packages(colcon_meta) discover
[0.193s] Level 1:colcon.colcon_core.package_discovery:discover_packages(recursive) discover
[0.193s] INFO:colcon.colcon_core.package_discovery:Crawling recursively for packages in '/home/dev/git/mobile_robot_python/ros2_ws'
[0.193s] Level 1:colcon.colcon_core.package_identification:_identify(.) by extensions ['ignore', 'ignore_ament_install']
[0.194s] Level 1:colcon.colcon_core.package_identification:_identify(.) by extension 'ignore'
[0.194s] Level 1:colcon.colcon_core.package_identification:_identify(.) by extension 'ignore_ament_install'
[0.194s] Level 1:colcon.colcon_core.package_identification:_identify(.) by extensions ['colcon_pkg']
[0.194s] Level 1:colcon.colcon_core.package_identification:_identify(.) by extension 'colcon_pkg'
[0.194s] Level 1:colcon.colcon_core.package_identification:_identify(.) by extensions ['colcon_meta']
[0.194s] Level 1:colcon.colcon_core.package_identification:_identify(.) by extension 'colcon_meta'
[0.194s] Level 1:colcon.colcon_core.package_identification:_identify(.) by extensions ['ros']
[0.194s] Level 1:colcon.colcon_core.package_identification:_identify(.) by extension 'ros'
[0.209s] Level 1:colcon.colcon_core.package_identification:_identify(.) by extensions ['cmake', 'python']
[0.209s] Level 1:colcon.colcon_core.package_identification:_identify(.) by extension 'cmake'
[0.209s] Level 1:colcon.colcon_core.package_identification:_identify(.) by extension 'python'
[0.209s] Level 1:colcon.colcon_core.package_identification:_identify(.) by extensions ['python_setup_py']
[0.209s] Level 1:colcon.colcon_core.package_identification:_identify(.) by extension 'python_setup_py'
[0.209s] Level 1:colcon.colcon_core.package_identification:_identify(build) by extensions ['ignore', 'ignore_ament_install']
[0.210s] Level 1:colcon.colcon_core.package_identification:_identify(build) by extension 'ignore'
[0.210s] Level 1:colcon.colcon_core.package_identification:_identify(build) ignored
[0.211s] Level 1:colcon.colcon_core.package_identification:_identify(install) by extensions ['ignore', 'ignore_ament_install']
[0.211s] Level 1:colcon.colcon_core.package_identification:_identify(install) by extension 'ignore'
[0.211s] Level 1:colcon.colcon_core.package_identification:_identify(install) ignored
[0.211s] Level 1:colcon.colcon_core.package_identification:_identify(log) by extensions ['ignore', 'ignore_ament_install']
[0.211s] Level 1:colcon.colcon_core.package_identification:_identify(log) by extension 'ignore'
[0.211s] Level 1:colcon.colcon_core.package_identification:_identify(log) ignored
[0.212s] Level 1:colcon.colcon_core.package_identification:_identify(src) by extensions ['ignore', 'ignore_ament_install']
[0.212s] Level 1:colcon.colcon_core.package_identification:_identify(src) by extension 'ignore'
[0.212s] Level 1:colcon.colcon_core.package_identification:_identify(src) by extension 'ignore_ament_install'
[0.212s] Level 1:colcon.colcon_core.package_identification:_identify(src) by extensions ['colcon_pkg']
[0.212s] Level 1:colcon.colcon_core.package_identification:_identify(src) by extension 'colcon_pkg'
[0.212s] Level 1:colcon.colcon_core.package_identification:_identify(src) by extensions ['colcon_meta']
[0.212s] Level 1:colcon.colcon_core.package_identification:_identify(src) by extension 'colcon_meta'
[0.212s] Level 1:colcon.colcon_core.package_identification:_identify(src) by extensions ['ros']
[0.212s] Level 1:colcon.colcon_core.package_identification:_identify(src) by extension 'ros'
[0.212s] Level 1:colcon.colcon_core.package_identification:_identify(src) by extensions ['cmake', 'python']
[0.212s] Level 1:colcon.colcon_core.package_identification:_identify(src) by extension 'cmake'
[0.212s] Level 1:colcon.colcon_core.package_identification:_identify(src) by extension 'python'
[0.212s] Level 1:colcon.colcon_core.package_identification:_identify(src) by extensions ['python_setup_py']
[0.212s] Level 1:colcon.colcon_core.package_identification:_identify(src) by extension 'python_setup_py'
[0.212s] Level 1:colcon.colcon_core.package_identification:_identify(src/my_pypkg) by extensions ['ignore', 'ignore_ament_install']
[0.212s] Level 1:colcon.colcon_core.package_identification:_identify(src/my_pypkg) by extension 'ignore'
[0.212s] Level 1:colcon.colcon_core.package_identification:_identify(src/my_pypkg) by extension 'ignore_ament_install'
[0.212s] Level 1:colcon.colcon_core.package_identification:_identify(src/my_pypkg) by extensions ['colcon_pkg']
[0.213s] Level 1:colcon.colcon_core.package_identification:_identify(src/my_pypkg) by extension 'colcon_pkg'
[0.213s] Level 1:colcon.colcon_core.package_identification:_identify(src/my_pypkg) by extensions ['colcon_meta']
[0.213s] Level 1:colcon.colcon_core.package_identification:_identify(src/my_pypkg) by extension 'colcon_meta'
[0.213s] Level 1:colcon.colcon_core.package_identification:_identify(src/my_pypkg) by extensions ['ros']
[0.213s] Level 1:colcon.colcon_core.package_identification:_identify(src/my_pypkg) by extension 'ros'
[0.215s] DEBUG:colcon.colcon_core.package_identification:Package 'src/my_pypkg' with type 'ros.ament_python' and name 'my_pypkg'
[0.216s] Level 1:colcon.colcon_core.package_identification:_identify(src/my_robot_interfaces) by extensions ['ignore', 'ignore_ament_install']
[0.217s] Level 1:colcon.colcon_core.package_identification:_identify(src/my_robot_interfaces) by extension 'ignore'
[0.217s] Level 1:colcon.colcon_core.package_identification:_identify(src/my_robot_interfaces) by extension 'ignore_ament_install'
[0.217s] Level 1:colcon.colcon_core.package_identification:_identify(src/my_robot_interfaces) by extensions ['colcon_pkg']
[0.218s] Level 1:colcon.colcon_core.package_identification:_identify(src/my_robot_interfaces) by extension 'colcon_pkg'
[0.218s] Level 1:colcon.colcon_core.package_identification:_identify(src/my_robot_interfaces) by extensions ['colcon_meta']
[0.218s] Level 1:colcon.colcon_core.package_identification:_identify(src/my_robot_interfaces) by extension 'colcon_meta'
[0.219s] Level 1:colcon.colcon_core.package_identification:_identify(src/my_robot_interfaces) by extensions ['ros']
[0.219s] Level 1:colcon.colcon_core.package_identification:_identify(src/my_robot_interfaces) by extension 'ros'
[0.219s] DEBUG:colcon.colcon_core.package_identification:Package 'src/my_robot_interfaces' with type 'ros.ament_cmake' and name 'my_robot_interfaces'
[0.219s] Level 1:colcon.colcon_core.package_discovery:discover_packages(recursive) using defaults
[0.220s] Level 1:colcon.colcon_core.package_discovery:discover_packages(ignore) discover
[0.220s] Level 1:colcon.colcon_core.package_discovery:discover_packages(ignore) using defaults
[0.220s] Level 1:colcon.colcon_core.package_discovery:discover_packages(path) discover
[0.220s] Level 1:colcon.colcon_core.package_discovery:discover_packages(path) using defaults
[0.233s] INFO:colcon.colcon_core.package_selection:Skipping not selected package 'my_robot_interfaces' in 'src/my_robot_interfaces'
[0.234s] Level 1:colcon.colcon_core.package_discovery:discover_packages(prefix_path) check parameters
[0.234s] Level 1:colcon.colcon_core.package_discovery:discover_packages(prefix_path) discover
[0.237s] DEBUG:colcon.colcon_installed_package_information.package_discovery:Found 2 installed packages in /home/dev/git/mobile_robot_python/ros2_ws/install
[0.238s] DEBUG:colcon.colcon_installed_package_information.package_discovery:Found 256 installed packages in /opt/ros/foxy
[0.239s] Level 1:colcon.colcon_core.package_discovery:discover_packages(prefix_path) using defaults
[0.274s] Level 5:colcon.colcon_core.verb:set package 'my_pypkg' build argument 'cmake_args' from command line to 'None'
[0.274s] Level 5:colcon.colcon_core.verb:set package 'my_pypkg' build argument 'cmake_target' from command line to 'None'
[0.275s] Level 5:colcon.colcon_core.verb:set package 'my_pypkg' build argument 'cmake_target_skip_unavailable' from command line to 'False'
[0.275s] Level 5:colcon.colcon_core.verb:set package 'my_pypkg' build argument 'cmake_clean_cache' from command line to 'False'
[0.275s] Level 5:colcon.colcon_core.verb:set package 'my_pypkg' build argument 'cmake_clean_first' from command line to 'False'
[0.275s] Level 5:colcon.colcon_core.verb:set package 'my_pypkg' build argument 'cmake_force_configure' from command line to 'False'
[0.275s] Level 5:colcon.colcon_core.verb:set package 'my_pypkg' build argument 'ament_cmake_args' from command line to 'None'
[0.275s] Level 5:colcon.colcon_core.verb:set package 'my_pypkg' build argument 'catkin_cmake_args' from command line to 'None'
[0.275s] Level 5:colcon.colcon_core.verb:set package 'my_pypkg' build argument 'catkin_skip_building_tests' from command line to 'False'
[0.275s] DEBUG:colcon.colcon_core.verb:Building package 'my_pypkg' with the following arguments: {'ament_cmake_args': None, 'build_base': '/home/dev/git/mobile_robot_python/ros2_ws/build/my_pypkg', 'catkin_cmake_args': None, 'catkin_skip_building_tests': False, 'cmake_args': None, 'cmake_clean_cache': False, 'cmake_clean_first': False, 'cmake_force_configure': False, 'cmake_target': None, 'cmake_target_skip_unavailable': False, 'install_base': '/home/dev/git/mobile_robot_python/ros2_ws/install/my_pypkg', 'merge_install': False, 'path': '/home/dev/git/mobile_robot_python/ros2_ws/src/my_pypkg', 'symlink_install': True, 'test_result_base': None}
[0.275s] INFO:colcon.colcon_core.executor:Executing jobs using 'parallel' executor
[0.279s] DEBUG:colcon.colcon_parallel_executor.executor.parallel:run_until_complete
[0.289s] INFO:colcon.colcon_ros.task.ament_python.build:Building ROS package in '/home/dev/git/mobile_robot_python/ros2_ws/src/my_pypkg' with build type 'ament_python'
[0.290s] Level 1:colcon.colcon_core.shell:create_environment_hook('my_pypkg', 'ament_prefix_path')
[0.295s] INFO:colcon.colcon_core.plugin_system:Skipping extension 'colcon_core.shell.bat': Not used on non-Windows systems
[0.295s] INFO:colcon.colcon_core.shell:Creating environment hook '/home/dev/git/mobile_robot_python/ros2_ws/install/my_pypkg/share/my_pypkg/hook/ament_prefix_path.ps1'
[0.296s] INFO:colcon.colcon_core.shell:Creating environment descriptor '/home/dev/git/mobile_robot_python/ros2_ws/install/my_pypkg/share/my_pypkg/hook/ament_prefix_path.dsv'
[0.297s] INFO:colcon.colcon_core.shell:Creating environment hook '/home/dev/git/mobile_robot_python/ros2_ws/install/my_pypkg/share/my_pypkg/hook/ament_prefix_path.sh'
[0.298s] INFO:colcon.colcon_core.shell:Skip shell extension 'powershell' for command environment: Not usable outside of PowerShell
[0.298s] DEBUG:colcon.colcon_core.shell:Skip shell extension 'dsv' for command environment
[0.457s] INFO:colcon.colcon_core.task.python.build:Building Python package in '/home/dev/git/mobile_robot_python/ros2_ws/src/my_pypkg'
[0.459s] INFO:colcon.colcon_core.shell:Skip shell extension 'powershell' for command environment: Not usable outside of PowerShell
[0.459s] DEBUG:colcon.colcon_core.shell:Skip shell extension 'dsv' for command environment
[0.735s] DEBUG:colcon.colcon_core.event_handler.log_command:Invoking command in '/home/dev/git/mobile_robot_python/ros2_ws/build/my_pypkg': AMENT_PREFIX_PATH=/home/dev/git/mobile_robot_python/ros2_ws/install/my_robot_interfaces:${AMENT_PREFIX_PATH} CMAKE_PREFIX_PATH=/home/dev/git/mobile_robot_python/ros2_ws/install/my_robot_interfaces LD_LIBRARY_PATH=/home/dev/git/mobile_robot_python/ros2_ws/install/my_robot_interfaces/lib:${LD_LIBRARY_PATH} PYTHONPATH=/home/dev/git/mobile_robot_python/ros2_ws/build/my_pypkg/prefix_override:/home/dev/git/mobile_robot_python/ros2_ws/install/my_pypkg/lib/python3.8/site-packages:/home/dev/git/mobile_robot_python/ros2_ws/install/my_robot_interfaces/lib/python3.8/site-packages:${PYTHONPATH} /usr/bin/python3 setup.py develop --editable --build-directory /home/dev/git/mobile_robot_python/ros2_ws/build/my_pypkg/build --no-deps install_data
[1.003s] Level 1:colcon.colcon_core.shell:create_environment_hook('my_pypkg', 'pythonpath_develop')
[1.004s] DEBUG:colcon.colcon_core.event_handler.log_command:Invoked command in '/home/dev/git/mobile_robot_python/ros2_ws/build/my_pypkg' returned '0': AMENT_PREFIX_PATH=/home/dev/git/mobile_robot_python/ros2_ws/install/my_robot_interfaces:${AMENT_PREFIX_PATH} CMAKE_PREFIX_PATH=/home/dev/git/mobile_robot_python/ros2_ws/install/my_robot_interfaces LD_LIBRARY_PATH=/home/dev/git/mobile_robot_python/ros2_ws/install/my_robot_interfaces/lib:${LD_LIBRARY_PATH} PYTHONPATH=/home/dev/git/mobile_robot_python/ros2_ws/build/my_pypkg/prefix_override:/home/dev/git/mobile_robot_python/ros2_ws/install/my_pypkg/lib/python3.8/site-packages:/home/dev/git/mobile_robot_python/ros2_ws/install/my_robot_interfaces/lib/python3.8/site-packages:${PYTHONPATH} /usr/bin/python3 setup.py develop --editable --build-directory /home/dev/git/mobile_robot_python/ros2_ws/build/my_pypkg/build --no-deps install_data
[1.005s] INFO:colcon.colcon_core.shell:Creating environment hook '/home/dev/git/mobile_robot_python/ros2_ws/build/my_pypkg/share/my_pypkg/hook/pythonpath_develop.ps1'
[1.005s] INFO:colcon.colcon_core.shell:Creating environment descriptor '/home/dev/git/mobile_robot_python/ros2_ws/build/my_pypkg/share/my_pypkg/hook/pythonpath_develop.dsv'
[1.006s] INFO:colcon.colcon_core.shell:Creating environment hook '/home/dev/git/mobile_robot_python/ros2_ws/build/my_pypkg/share/my_pypkg/hook/pythonpath_develop.sh'
[1.010s] Level 1:colcon.colcon_core.environment:checking '/home/dev/git/mobile_robot_python/ros2_ws/install/my_pypkg' for CMake module files
[1.010s] Level 1:colcon.colcon_core.environment:checking '/home/dev/git/mobile_robot_python/ros2_ws/install/my_pypkg' for CMake config files
[1.011s] Level 1:colcon.colcon_core.environment:checking '/home/dev/git/mobile_robot_python/ros2_ws/install/my_pypkg/lib'
[1.011s] Level 1:colcon.colcon_core.environment:checking '/home/dev/git/mobile_robot_python/ros2_ws/install/my_pypkg/bin'
[1.011s] Level 1:colcon.colcon_core.environment:checking '/home/dev/git/mobile_robot_python/ros2_ws/install/my_pypkg/lib/pkgconfig/my_pypkg.pc'
[1.011s] Level 1:colcon.colcon_core.environment:checking '/home/dev/git/mobile_robot_python/ros2_ws/install/my_pypkg/lib/python3.8/site-packages'
[1.011s] Level 1:colcon.colcon_core.shell:create_environment_hook('my_pypkg', 'pythonpath')
[1.012s] INFO:colcon.colcon_core.shell:Creating environment hook '/home/dev/git/mobile_robot_python/ros2_ws/install/my_pypkg/share/my_pypkg/hook/pythonpath.ps1'
[1.013s] INFO:colcon.colcon_core.shell:Creating environment descriptor '/home/dev/git/mobile_robot_python/ros2_ws/install/my_pypkg/share/my_pypkg/hook/pythonpath.dsv'
[1.013s] INFO:colcon.colcon_core.shell:Creating environment hook '/home/dev/git/mobile_robot_python/ros2_ws/install/my_pypkg/share/my_pypkg/hook/pythonpath.sh'
[1.014s] Level 1:colcon.colcon_core.environment:checking '/home/dev/git/mobile_robot_python/ros2_ws/install/my_pypkg/bin'
[1.014s] Level 1:colcon.colcon_core.environment:create_environment_scripts_only(my_pypkg)
[1.015s] INFO:colcon.colcon_core.shell:Creating package script '/home/dev/git/mobile_robot_python/ros2_ws/install/my_pypkg/share/my_pypkg/package.ps1'
[1.018s] INFO:colcon.colcon_core.shell:Creating package descriptor '/home/dev/git/mobile_robot_python/ros2_ws/install/my_pypkg/share/my_pypkg/package.dsv'
[1.019s] INFO:colcon.colcon_core.shell:Creating package script '/home/dev/git/mobile_robot_python/ros2_ws/install/my_pypkg/share/my_pypkg/package.sh'
[1.020s] INFO:colcon.colcon_core.shell:Creating package script '/home/dev/git/mobile_robot_python/ros2_ws/install/my_pypkg/share/my_pypkg/package.bash'
[1.020s] INFO:colcon.colcon_core.shell:Creating package script '/home/dev/git/mobile_robot_python/ros2_ws/install/my_pypkg/share/my_pypkg/package.zsh'
[1.021s] Level 1:colcon.colcon_core.environment:create_file_with_runtime_dependencies(/home/dev/git/mobile_robot_python/ros2_ws/install/my_pypkg/share/colcon-core/packages/my_pypkg)
[1.022s] DEBUG:colcon.colcon_parallel_executor.executor.parallel:closing loop
[1.022s] DEBUG:colcon.colcon_parallel_executor.executor.parallel:loop closed
[1.022s] DEBUG:colcon.colcon_parallel_executor.executor.parallel:run_until_complete finished with '0'
[1.022s] DEBUG:colcon.colcon_core.event_reactor:joining thread
[1.027s] INFO:colcon.colcon_core.plugin_system:Skipping extension 'colcon_notification.desktop_notification.terminal_notifier': Not used on non-Darwin systems
[1.027s] INFO:colcon.colcon_core.plugin_system:Skipping extension 'colcon_notification.desktop_notification.win32': Not used on non-Windows systems
[1.027s] INFO:colcon.colcon_notification.desktop_notification:Sending desktop notification using 'notify2'
[1.032s] DEBUG:colcon.colcon_core.event_reactor:joined thread
[1.033s] INFO:colcon.colcon_core.shell:Creating prefix script '/home/dev/git/mobile_robot_python/ros2_ws/install/local_setup.ps1'
[1.034s] INFO:colcon.colcon_core.shell:Creating prefix util module '/home/dev/git/mobile_robot_python/ros2_ws/install/_local_setup_util_ps1.py'
[1.035s] INFO:colcon.colcon_core.shell:Creating prefix chain script '/home/dev/git/mobile_robot_python/ros2_ws/install/setup.ps1'
[1.036s] INFO:colcon.colcon_core.shell:Creating prefix script '/home/dev/git/mobile_robot_python/ros2_ws/install/local_setup.sh'
[1.038s] INFO:colcon.colcon_core.shell:Creating prefix util module '/home/dev/git/mobile_robot_python/ros2_ws/install/_local_setup_util_sh.py'
[1.040s] INFO:colcon.colcon_core.shell:Creating prefix chain script '/home/dev/git/mobile_robot_python/ros2_ws/install/setup.sh'
[1.041s] INFO:colcon.colcon_core.shell:Creating prefix script '/home/dev/git/mobile_robot_python/ros2_ws/install/local_setup.bash'
[1.042s] INFO:colcon.colcon_core.shell:Creating prefix chain script '/home/dev/git/mobile_robot_python/ros2_ws/install/setup.bash'
[1.044s] INFO:colcon.colcon_core.shell:Creating prefix script '/home/dev/git/mobile_robot_python/ros2_ws/install/local_setup.zsh'
[1.044s] INFO:colcon.colcon_core.shell:Creating prefix chain script '/home/dev/git/mobile_robot_python/ros2_ws/install/setup.zsh'
