running egg_info
creating ../../build/my_pypkg/my_pypkg.egg-info
writing ../../build/my_pypkg/my_pypkg.egg-info/PKG-INFO
writing dependency_links to ../../build/my_pypkg/my_pypkg.egg-info/dependency_links.txt
writing entry points to ../../build/my_pypkg/my_pypkg.egg-info/entry_points.txt
writing requirements to ../../build/my_pypkg/my_pypkg.egg-info/requires.txt
writing top-level names to ../../build/my_pypkg/my_pypkg.egg-info/top_level.txt
writing manifest file '../../build/my_pypkg/my_pypkg.egg-info/SOURCES.txt'
reading manifest file '../../build/my_pypkg/my_pypkg.egg-info/SOURCES.txt'
writing manifest file '../../build/my_pypkg/my_pypkg.egg-info/SOURCES.txt'
running build
running build_py
creating /home/dev/git/mobile_robot_python/ros2_ws/build/my_pypkg/build
creating /home/dev/git/mobile_robot_python/ros2_ws/build/my_pypkg/build/lib
creating /home/dev/git/mobile_robot_python/ros2_ws/build/my_pypkg/build/lib/my_pypkg
copying my_pypkg/__init__.py -> /home/dev/git/mobile_robot_python/ros2_ws/build/my_pypkg/build/lib/my_pypkg
running install
running install_lib
creating /home/dev/git/mobile_robot_python/ros2_ws/install/my_pypkg/lib/python3.8/site-packages/my_pypkg
copying /home/dev/git/mobile_robot_python/ros2_ws/build/my_pypkg/build/lib/my_pypkg/__init__.py -> /home/dev/git/mobile_robot_python/ros2_ws/install/my_pypkg/lib/python3.8/site-packages/my_pypkg
byte-compiling /home/dev/git/mobile_robot_python/ros2_ws/install/my_pypkg/lib/python3.8/site-packages/my_pypkg/__init__.py to __init__.cpython-38.pyc
running install_data
creating /home/dev/git/mobile_robot_python/ros2_ws/install/my_pypkg/share/ament_index
creating /home/dev/git/mobile_robot_python/ros2_ws/install/my_pypkg/share/ament_index/resource_index
creating /home/dev/git/mobile_robot_python/ros2_ws/install/my_pypkg/share/ament_index/resource_index/packages
copying resource/my_pypkg -> /home/dev/git/mobile_robot_python/ros2_ws/install/my_pypkg/share/ament_index/resource_index/packages
copying package.xml -> /home/dev/git/mobile_robot_python/ros2_ws/install/my_pypkg/share/my_pypkg
running install_egg_info
Copying ../../build/my_pypkg/my_pypkg.egg-info to /home/dev/git/mobile_robot_python/ros2_ws/install/my_pypkg/lib/python3.8/site-packages/my_pypkg-0.0.0-py3.8.egg-info
running install_scripts
writing list of installed files to '/home/dev/git/mobile_robot_python/ros2_ws/build/my_pypkg/install.log'
