[0.445s] Invoking command in '/home/dev/git/mobile_robot_python/ros2_ws/build/my_pypkg': AMENT_PREFIX_PATH=/home/dev/git/mobile_robot_python/ros2_ws/install/my_robot_interfaces:${AMENT_PREFIX_PATH} CMAKE_PREFIX_PATH=/home/dev/git/mobile_robot_python/ros2_ws/install/my_robot_interfaces LD_LIBRARY_PATH=/home/dev/git/mobile_robot_python/ros2_ws/install/my_robot_interfaces/lib:${LD_LIBRARY_PATH} PYTHONPATH=/home/dev/git/mobile_robot_python/ros2_ws/build/my_pypkg/prefix_override:/home/dev/git/mobile_robot_python/ros2_ws/install/my_pypkg/lib/python3.8/site-packages:/home/dev/git/mobile_robot_python/ros2_ws/install/my_robot_interfaces/lib/python3.8/site-packages:${PYTHONPATH} /usr/bin/python3 setup.py develop --editable --build-directory /home/dev/git/mobile_robot_python/ros2_ws/build/my_pypkg/build --no-deps install_data
[0.581s] running develop
[0.652s] running egg_info
[0.652s] writing my_pypkg.egg-info/PKG-INFO
[0.652s] writing dependency_links to my_pypkg.egg-info/dependency_links.txt
[0.652s] writing entry points to my_pypkg.egg-info/entry_points.txt
[0.652s] writing requirements to my_pypkg.egg-info/requires.txt
[0.652s] writing top-level names to my_pypkg.egg-info/top_level.txt
[0.671s] reading manifest file 'my_pypkg.egg-info/SOURCES.txt'
[0.674s] writing manifest file 'my_pypkg.egg-info/SOURCES.txt'
[0.694s] running build_ext
[0.694s] Creating /home/dev/git/mobile_robot_python/ros2_ws/install/my_pypkg/lib/python3.8/site-packages/my-pypkg.egg-link (link to .)
[0.696s] Installing add_two_ints_clients script to /home/dev/git/mobile_robot_python/ros2_ws/install/my_pypkg/lib/my_pypkg
[0.696s] Installing add_two_ints_clients_no_oop script to /home/dev/git/mobile_robot_python/ros2_ws/install/my_pypkg/lib/my_pypkg
[0.696s] Installing add_two_ints_server script to /home/dev/git/mobile_robot_python/ros2_ws/install/my_pypkg/lib/my_pypkg
[0.696s] Installing hw_status_publisher script to /home/dev/git/mobile_robot_python/ros2_ws/install/my_pypkg/lib/my_pypkg
[0.696s] Installing number_counter script to /home/dev/git/mobile_robot_python/ros2_ws/install/my_pypkg/lib/my_pypkg
[0.696s] Installing number_publisher script to /home/dev/git/mobile_robot_python/ros2_ws/install/my_pypkg/lib/my_pypkg
[0.696s] Installing py_node script to /home/dev/git/mobile_robot_python/ros2_ws/install/my_pypkg/lib/my_pypkg
[0.696s] Installing robot_news_station script to /home/dev/git/mobile_robot_python/ros2_ws/install/my_pypkg/lib/my_pypkg
[0.696s] Installing smartphone script to /home/dev/git/mobile_robot_python/ros2_ws/install/my_pypkg/lib/my_pypkg
[0.697s] 
[0.697s] Installed /home/dev/git/mobile_robot_python/ros2_ws/build/my_pypkg
[0.697s] running install_data
[0.713s] Invoked command in '/home/dev/git/mobile_robot_python/ros2_ws/build/my_pypkg' returned '0': AMENT_PREFIX_PATH=/home/dev/git/mobile_robot_python/ros2_ws/install/my_robot_interfaces:${AMENT_PREFIX_PATH} CMAKE_PREFIX_PATH=/home/dev/git/mobile_robot_python/ros2_ws/install/my_robot_interfaces LD_LIBRARY_PATH=/home/dev/git/mobile_robot_python/ros2_ws/install/my_robot_interfaces/lib:${LD_LIBRARY_PATH} PYTHONPATH=/home/dev/git/mobile_robot_python/ros2_ws/build/my_pypkg/prefix_override:/home/dev/git/mobile_robot_python/ros2_ws/install/my_pypkg/lib/python3.8/site-packages:/home/dev/git/mobile_robot_python/ros2_ws/install/my_robot_interfaces/lib/python3.8/site-packages:${PYTHONPATH} /usr/bin/python3 setup.py develop --editable --build-directory /home/dev/git/mobile_robot_python/ros2_ws/build/my_pypkg/build --no-deps install_data
