[0.371s] Invoking command in '/home/dev/git/mobile_robot_python/ros2_ws/build/my_pypkg': PYTHONPATH=/home/dev/git/mobile_robot_python/ros2_ws/build/my_pypkg/prefix_override:/home/dev/git/mobile_robot_python/ros2_ws/install/my_pypkg/lib/python3.8/site-packages:${PYTHONPATH} /usr/bin/python3 setup.py develop --uninstall --editable --build-directory /home/dev/git/mobile_robot_python/ros2_ws/build/my_pypkg/build
[0.501s] running develop
[0.569s] Removing /home/dev/git/mobile_robot_python/ros2_ws/install/my_pypkg/lib/python3.8/site-packages/my-pypkg.egg-link (link to .)
[0.584s] Invoked command in '/home/dev/git/mobile_robot_python/ros2_ws/build/my_pypkg' returned '0': PYTHONPATH=/home/dev/git/mobile_robot_python/ros2_ws/build/my_pypkg/prefix_override:/home/dev/git/mobile_robot_python/ros2_ws/install/my_pypkg/lib/python3.8/site-packages:${PYTHONPATH} /usr/bin/python3 setup.py develop --uninstall --editable --build-directory /home/dev/git/mobile_robot_python/ros2_ws/build/my_pypkg/build
[0.585s] Invoking command in '/home/dev/git/mobile_robot_python/ros2_ws/src/my_pypkg': PYTHONPATH=/home/dev/git/mobile_robot_python/ros2_ws/build/my_pypkg/prefix_override:/home/dev/git/mobile_robot_python/ros2_ws/install/my_pypkg/lib/python3.8/site-packages:${PYTHONPATH} /usr/bin/python3 setup.py egg_info --egg-base ../../build/my_pypkg build --build-base /home/dev/git/mobile_robot_python/ros2_ws/build/my_pypkg/build install --record /home/dev/git/mobile_robot_python/ros2_ws/build/my_pypkg/install.log --install-scripts $base/lib/my_pypkg --single-version-externally-managed
[0.699s] running egg_info
[0.699s] writing ../../build/my_pypkg/my_pypkg.egg-info/PKG-INFO
[0.700s] writing dependency_links to ../../build/my_pypkg/my_pypkg.egg-info/dependency_links.txt
[0.700s] writing entry points to ../../build/my_pypkg/my_pypkg.egg-info/entry_points.txt
[0.700s] writing requirements to ../../build/my_pypkg/my_pypkg.egg-info/requires.txt
[0.703s] writing top-level names to ../../build/my_pypkg/my_pypkg.egg-info/top_level.txt
[0.722s] reading manifest file '../../build/my_pypkg/my_pypkg.egg-info/SOURCES.txt'
[0.723s] writing manifest file '../../build/my_pypkg/my_pypkg.egg-info/SOURCES.txt'
[0.724s] running build
[0.724s] running build_py
[0.724s] copying my_pypkg/robot_news_station.py -> /home/dev/git/mobile_robot_python/ros2_ws/build/my_pypkg/build/lib/my_pypkg
[0.724s] copying my_pypkg/my_first_node.py -> /home/dev/git/mobile_robot_python/ros2_ws/build/my_pypkg/build/lib/my_pypkg
[0.724s] copying my_pypkg/node_template.py -> /home/dev/git/mobile_robot_python/ros2_ws/build/my_pypkg/build/lib/my_pypkg
[0.725s] running install
[0.726s] running install_lib
[0.726s] creating /home/dev/git/mobile_robot_python/ros2_ws/install/my_pypkg/lib/python3.8/site-packages/my_pypkg
[0.726s] copying /home/dev/git/mobile_robot_python/ros2_ws/build/my_pypkg/build/lib/my_pypkg/__init__.py -> /home/dev/git/mobile_robot_python/ros2_ws/install/my_pypkg/lib/python3.8/site-packages/my_pypkg
[0.726s] copying /home/dev/git/mobile_robot_python/ros2_ws/build/my_pypkg/build/lib/my_pypkg/robot_news_station.py -> /home/dev/git/mobile_robot_python/ros2_ws/install/my_pypkg/lib/python3.8/site-packages/my_pypkg
[0.726s] copying /home/dev/git/mobile_robot_python/ros2_ws/build/my_pypkg/build/lib/my_pypkg/my_first_node.py -> /home/dev/git/mobile_robot_python/ros2_ws/install/my_pypkg/lib/python3.8/site-packages/my_pypkg
[0.726s] copying /home/dev/git/mobile_robot_python/ros2_ws/build/my_pypkg/build/lib/my_pypkg/node_template.py -> /home/dev/git/mobile_robot_python/ros2_ws/install/my_pypkg/lib/python3.8/site-packages/my_pypkg
[0.726s] byte-compiling /home/dev/git/mobile_robot_python/ros2_ws/install/my_pypkg/lib/python3.8/site-packages/my_pypkg/__init__.py to __init__.cpython-38.pyc
[0.727s] byte-compiling /home/dev/git/mobile_robot_python/ros2_ws/install/my_pypkg/lib/python3.8/site-packages/my_pypkg/robot_news_station.py to robot_news_station.cpython-38.pyc
[0.727s] byte-compiling /home/dev/git/mobile_robot_python/ros2_ws/install/my_pypkg/lib/python3.8/site-packages/my_pypkg/my_first_node.py to my_first_node.cpython-38.pyc
[0.728s] byte-compiling /home/dev/git/mobile_robot_python/ros2_ws/install/my_pypkg/lib/python3.8/site-packages/my_pypkg/node_template.py to node_template.cpython-38.pyc
[0.728s] running install_data
[0.728s] running install_egg_info
[0.729s] Copying ../../build/my_pypkg/my_pypkg.egg-info to /home/dev/git/mobile_robot_python/ros2_ws/install/my_pypkg/lib/python3.8/site-packages/my_pypkg-0.0.0-py3.8.egg-info
[0.731s] running install_scripts
[0.741s] Installing py_node = my_pypkg.my_first_node:mainrobot_news_station script to /home/dev/git/mobile_robot_python/ros2_ws/install/my_pypkg/lib/my_pypkg
[0.741s] writing list of installed files to '/home/dev/git/mobile_robot_python/ros2_ws/build/my_pypkg/install.log'
[0.759s] Invoked command in '/home/dev/git/mobile_robot_python/ros2_ws/src/my_pypkg' returned '0': PYTHONPATH=/home/dev/git/mobile_robot_python/ros2_ws/build/my_pypkg/prefix_override:/home/dev/git/mobile_robot_python/ros2_ws/install/my_pypkg/lib/python3.8/site-packages:${PYTHONPATH} /usr/bin/python3 setup.py egg_info --egg-base ../../build/my_pypkg build --build-base /home/dev/git/mobile_robot_python/ros2_ws/build/my_pypkg/build install --record /home/dev/git/mobile_robot_python/ros2_ws/build/my_pypkg/install.log --install-scripts $base/lib/my_pypkg --single-version-externally-managed
