[0.014s] Invoking command in '/home/dev/git/mobile_robot_python/ros2_ws/build/my_robot_interfaces': CMAKE_PREFIX_PATH=${CMAKE_PREFIX_PATH}:/home/dev/git/mobile_robot_python/ros2_ws/install/my_pypkg:/opt/ros/foxy /usr/bin/cmake --build /home/dev/git/mobile_robot_python/ros2_ws/build/my_robot_interfaces -- -j4 -l4
[0.034s] -- Found ament_cmake: 0.9.11 (/opt/ros/foxy/share/ament_cmake/cmake)
[0.056s] -- Found PythonInterp: /usr/bin/python3 (found suitable version "3.8.10", minimum required is "3") 
[0.056s] -- Using PYTHON_EXECUTABLE: /usr/bin/python3
[0.174s] -- Found rosidl_default_generators: 1.0.1 (/opt/ros/foxy/share/rosidl_default_generators/cmake)
[0.179s] -- Using all available rosidl_typesupport_c: rosidl_typesupport_fastrtps_c;rosidl_typesupport_introspection_c
[0.182s] -- Found rosidl_adapter: 1.3.0 (/opt/ros/foxy/share/rosidl_adapter/cmake)
[0.279s] -- Using all available rosidl_typesupport_cpp: rosidl_typesupport_fastrtps_cpp;rosidl_typesupport_introspection_cpp
[0.315s] -- Found PythonInterp: /usr/bin/python3 (found version "3.8.10") 
[0.457s] CMake Error at /opt/ros/foxy/share/rosidl_adapter/cmake/rosidl_adapt_interfaces.cmake:60 (message):
[0.457s]   execute_process(/usr/bin/python3 -m rosidl_adapter --package-name
[0.457s]   my_robot_interfaces --arguments-file
[0.457s]   /home/dev/git/mobile_robot_python/ros2_ws/build/my_robot_interfaces/rosidl_adapter__arguments__my_robot_interfaces.json
[0.457s]   --output-dir
[0.457s]   /home/dev/git/mobile_robot_python/ros2_ws/build/my_robot_interfaces/rosidl_adapter/my_robot_interfaces
[0.457s]   --output-file
[0.457s]   /home/dev/git/mobile_robot_python/ros2_ws/build/my_robot_interfaces/rosidl_adapter/my_robot_interfaces.idls)
[0.457s]   returned error code 1:
[0.457s] 
[0.457s]   Error processing 'in64[] led_states' of
[0.457s]   'my_robot_interfaces/LedStateArray': ''in64' is an invalid message name.
[0.457s]   It should have the pattern '^[A-Z][A-Za-z0-9]*$''
[0.457s] 
[0.457s]   Traceback (most recent call last):
[0.457s] 
[0.457s]     File "/usr/lib/python3.8/runpy.py", line 194, in _run_module_as_main
[0.457s]       return _run_code(code, main_globals, None,
[0.457s]     File "/usr/lib/python3.8/runpy.py", line 87, in _run_code
[0.458s]       exec(code, run_globals)
[0.458s]     File "/opt/ros/foxy/lib/python3.8/site-packages/rosidl_adapter/__main__.py", line 19, in <module>
[0.458s]       sys.exit(main())
[0.458s]     File "/opt/ros/foxy/lib/python3.8/site-packages/rosidl_adapter/main.py", line 53, in main
[0.458s]       abs_idl_file = convert_to_idl(
[0.458s]     File "/opt/ros/foxy/lib/python3.8/site-packages/rosidl_adapter/__init__.py", line 19, in convert_to_idl
[0.458s]       return convert_msg_to_idl(
[0.458s]     File "/opt/ros/foxy/lib/python3.8/site-packages/rosidl_adapter/msg/__init__.py", line 28, in convert_msg_to_idl
[0.458s]       msg = parse_message_string(package_name, input_file.stem, content)
[0.458s]     File "/opt/ros/foxy/lib/python3.8/site-packages/rosidl_adapter/parser.py", line 516, in parse_message_string
[0.458s]       Type(type_string, context_package_name=pkg_name),
[0.458s]     File "/opt/ros/foxy/lib/python3.8/site-packages/rosidl_adapter/parser.py", line 276, in __init__
[0.459s]       super(Type, self).__init__(
[0.459s]     File "/opt/ros/foxy/lib/python3.8/site-packages/rosidl_adapter/parser.py", line 204, in __init__
[0.459s]       raise InvalidResourceName(
[0.459s] 
[0.459s]   rosidl_adapter.parser.InvalidResourceName: 'in64' is an invalid message
[0.459s]   name.  It should have the pattern '^[A-Z][A-Za-z0-9]*$'
[0.459s] 
[0.459s] Call Stack (most recent call first):
[0.459s]   /opt/ros/foxy/share/rosidl_cmake/cmake/rosidl_generate_interfaces.cmake:130 (rosidl_adapt_interfaces)
[0.459s]   CMakeLists.txt:17 (rosidl_generate_interfaces)
[0.460s] 
[0.460s] 
[0.460s] -- Configuring incomplete, errors occurred!
[0.460s] See also "/home/dev/git/mobile_robot_python/ros2_ws/build/my_robot_interfaces/CMakeFiles/CMakeOutput.log".
[0.464s] make: *** [Makefile:988: cmake_check_build_system] Error 1
[0.468s] Invoked command in '/home/dev/git/mobile_robot_python/ros2_ws/build/my_robot_interfaces' returned '2': CMAKE_PREFIX_PATH=${CMAKE_PREFIX_PATH}:/home/dev/git/mobile_robot_python/ros2_ws/install/my_pypkg:/opt/ros/foxy /usr/bin/cmake --build /home/dev/git/mobile_robot_python/ros2_ws/build/my_robot_interfaces -- -j4 -l4
