[0.376s] Invoking command in '/home/dev/git/mobile_robot_python/ros2_ws/build/my_pypkg': PYTHONPATH=/home/dev/git/mobile_robot_python/ros2_ws/build/my_pypkg/prefix_override:/home/dev/git/mobile_robot_python/ros2_ws/install/my_pypkg/lib/python3.8/site-packages:${PYTHONPATH} /usr/bin/python3 setup.py develop --editable --build-directory /home/dev/git/mobile_robot_python/ros2_ws/build/my_pypkg/build --no-deps install_data
[0.500s] running develop
[0.573s] running egg_info
[0.573s] writing my_pypkg.egg-info/PKG-INFO
[0.574s] writing dependency_links to my_pypkg.egg-info/dependency_links.txt
[0.574s] writing entry points to my_pypkg.egg-info/entry_points.txt
[0.575s] writing requirements to my_pypkg.egg-info/requires.txt
[0.575s] writing top-level names to my_pypkg.egg-info/top_level.txt
[0.596s] reading manifest file 'my_pypkg.egg-info/SOURCES.txt'
[0.597s] writing manifest file 'my_pypkg.egg-info/SOURCES.txt'
[0.617s] running build_ext
[0.617s] Creating /home/dev/git/mobile_robot_python/ros2_ws/install/my_pypkg/lib/python3.8/site-packages/my-pypkg.egg-link (link to .)
[0.618s] Installing add_two_ints_clients script to /home/dev/git/mobile_robot_python/ros2_ws/install/my_pypkg/lib/my_pypkg
[0.619s] Installing add_two_ints_clients_no_oop script to /home/dev/git/mobile_robot_python/ros2_ws/install/my_pypkg/lib/my_pypkg
[0.619s] Installing add_two_ints_server script to /home/dev/git/mobile_robot_python/ros2_ws/install/my_pypkg/lib/my_pypkg
[0.619s] Installing number_counter script to /home/dev/git/mobile_robot_python/ros2_ws/install/my_pypkg/lib/my_pypkg
[0.619s] Installing number_publisher script to /home/dev/git/mobile_robot_python/ros2_ws/install/my_pypkg/lib/my_pypkg
[0.619s] Installing py_node script to /home/dev/git/mobile_robot_python/ros2_ws/install/my_pypkg/lib/my_pypkg
[0.619s] Installing robot_news_station script to /home/dev/git/mobile_robot_python/ros2_ws/install/my_pypkg/lib/my_pypkg
[0.619s] Installing smartphone script to /home/dev/git/mobile_robot_python/ros2_ws/install/my_pypkg/lib/my_pypkg
[0.619s] 
[0.619s] Installed /home/dev/git/mobile_robot_python/ros2_ws/build/my_pypkg
[0.619s] running install_data
[0.637s] Invoked command in '/home/dev/git/mobile_robot_python/ros2_ws/build/my_pypkg' returned '0': PYTHONPATH=/home/dev/git/mobile_robot_python/ros2_ws/build/my_pypkg/prefix_override:/home/dev/git/mobile_robot_python/ros2_ws/install/my_pypkg/lib/python3.8/site-packages:${PYTHONPATH} /usr/bin/python3 setup.py develop --editable --build-directory /home/dev/git/mobile_robot_python/ros2_ws/build/my_pypkg/build --no-deps install_data
