[0.019s] Invoking command in '/home/dev/git/mobile_robot_python/ros2_ws/build/my_robot_interfaces': CMAKE_PREFIX_PATH=/home/dev/git/mobile_robot_python/ros2_ws/install/my_pypkg:/opt/ros/foxy /usr/bin/cmake --build /home/dev/git/mobile_robot_python/ros2_ws/build/my_robot_interfaces -- -j4 -l4
[0.070s] [  3%] Built target my_robot_interfaces__cpp
[0.073s] [ 12%] Built target my_robot_interfaces__rosidl_generator_c
[0.094s] [ 29%] Built target my_robot_interfaces__rosidl_typesupport_introspection_c
[0.095s] [ 32%] Built target my_robot_interfaces__rosidl_typesupport_introspection_cpp
[0.097s] [ 41%] Built target my_robot_interfaces__rosidl_typesupport_cpp
[0.098s] [ 51%] Built target my_robot_interfaces__rosidl_typesupport_fastrtps_cpp
[0.115s] [ 61%] Built target my_robot_interfaces__rosidl_typesupport_c
[0.119s] [ 70%] Built target my_robot_interfaces__rosidl_typesupport_fastrtps_c
[0.135s] [ 70%] Built target my_robot_interfaces
[0.163s] [ 74%] Built target my_robot_interfaces__py
[0.196s] [ 80%] Built target my_robot_interfaces__python
[0.221s] [ 87%] Built target my_robot_interfaces__rosidl_typesupport_c__pyext
[0.221s] [ 93%] Built target my_robot_interfaces__rosidl_typesupport_introspection_c__pyext
[0.223s] [100%] Built target my_robot_interfaces__rosidl_typesupport_fastrtps_c__pyext
[0.233s] Invoked command in '/home/dev/git/mobile_robot_python/ros2_ws/build/my_robot_interfaces' returned '0': CMAKE_PREFIX_PATH=/home/dev/git/mobile_robot_python/ros2_ws/install/my_pypkg:/opt/ros/foxy /usr/bin/cmake --build /home/dev/git/mobile_robot_python/ros2_ws/build/my_robot_interfaces -- -j4 -l4
[0.305s] Invoking command in '/home/dev/git/mobile_robot_python/ros2_ws/build/my_robot_interfaces': CMAKE_PREFIX_PATH=/home/dev/git/mobile_robot_python/ros2_ws/install/my_pypkg:/opt/ros/foxy /usr/bin/cmake --install /home/dev/git/mobile_robot_python/ros2_ws/build/my_robot_interfaces
[0.312s] -- Install configuration: ""
[0.313s] -- Up-to-date: /home/dev/git/mobile_robot_python/ros2_ws/install/my_robot_interfaces/share/ament_index/resource_index/rosidl_interfaces/my_robot_interfaces
[0.313s] -- Up-to-date: /home/dev/git/mobile_robot_python/ros2_ws/install/my_robot_interfaces/include/my_robot_interfaces
[0.314s] -- Up-to-date: /home/dev/git/mobile_robot_python/ros2_ws/install/my_robot_interfaces/include/my_robot_interfaces/msg
[0.314s] -- Up-to-date: /home/dev/git/mobile_robot_python/ros2_ws/install/my_robot_interfaces/include/my_robot_interfaces/msg/detail
[0.314s] -- Up-to-date: /home/dev/git/mobile_robot_python/ros2_ws/install/my_robot_interfaces/include/my_robot_interfaces/msg/detail/hardware_status__type_support.h
[0.315s] -- Up-to-date: /home/dev/git/mobile_robot_python/ros2_ws/install/my_robot_interfaces/include/my_robot_interfaces/msg/detail/hardware_status__struct.h
[0.316s] -- Up-to-date: /home/dev/git/mobile_robot_python/ros2_ws/install/my_robot_interfaces/include/my_robot_interfaces/msg/detail/hardware_status__functions.c
[0.316s] -- Up-to-date: /home/dev/git/mobile_robot_python/ros2_ws/install/my_robot_interfaces/include/my_robot_interfaces/msg/detail/hardware_status__functions.h
[0.317s] -- Up-to-date: /home/dev/git/mobile_robot_python/ros2_ws/install/my_robot_interfaces/include/my_robot_interfaces/msg/hardware_status.h
[0.318s] -- Up-to-date: /home/dev/git/mobile_robot_python/ros2_ws/install/my_robot_interfaces/include/my_robot_interfaces/msg/rosidl_generator_c__visibility_control.h
[0.319s] -- Up-to-date: /home/dev/git/mobile_robot_python/ros2_ws/install/my_robot_interfaces/share/my_robot_interfaces/environment/library_path.sh
[0.320s] -- Up-to-date: /home/dev/git/mobile_robot_python/ros2_ws/install/my_robot_interfaces/share/my_robot_interfaces/environment/library_path.dsv
[0.320s] -- Up-to-date: /home/dev/git/mobile_robot_python/ros2_ws/install/my_robot_interfaces/lib/libmy_robot_interfaces__rosidl_generator_c.so
[0.321s] -- Up-to-date: /home/dev/git/mobile_robot_python/ros2_ws/install/my_robot_interfaces/include/my_robot_interfaces
[0.321s] -- Up-to-date: /home/dev/git/mobile_robot_python/ros2_ws/install/my_robot_interfaces/include/my_robot_interfaces/msg
[0.322s] -- Up-to-date: /home/dev/git/mobile_robot_python/ros2_ws/install/my_robot_interfaces/include/my_robot_interfaces/msg/detail
[0.322s] -- Up-to-date: /home/dev/git/mobile_robot_python/ros2_ws/install/my_robot_interfaces/include/my_robot_interfaces/msg/detail/hardware_status__rosidl_typesupport_fastrtps_c.h
[0.323s] -- Up-to-date: /home/dev/git/mobile_robot_python/ros2_ws/install/my_robot_interfaces/include/my_robot_interfaces/msg/rosidl_typesupport_fastrtps_c__visibility_control.h
[0.323s] -- Up-to-date: /home/dev/git/mobile_robot_python/ros2_ws/install/my_robot_interfaces/lib/libmy_robot_interfaces__rosidl_typesupport_fastrtps_c.so
[0.324s] -- Up-to-date: /home/dev/git/mobile_robot_python/ros2_ws/install/my_robot_interfaces/include/my_robot_interfaces
[0.324s] -- Up-to-date: /home/dev/git/mobile_robot_python/ros2_ws/install/my_robot_interfaces/include/my_robot_interfaces/msg
[0.324s] -- Up-to-date: /home/dev/git/mobile_robot_python/ros2_ws/install/my_robot_interfaces/include/my_robot_interfaces/msg/detail
[0.325s] -- Up-to-date: /home/dev/git/mobile_robot_python/ros2_ws/install/my_robot_interfaces/include/my_robot_interfaces/msg/detail/dds_fastrtps
[0.325s] -- Up-to-date: /home/dev/git/mobile_robot_python/ros2_ws/install/my_robot_interfaces/include/my_robot_interfaces/msg/detail/hardware_status__rosidl_typesupport_fastrtps_cpp.hpp
[0.326s] -- Up-to-date: /home/dev/git/mobile_robot_python/ros2_ws/install/my_robot_interfaces/include/my_robot_interfaces/msg/rosidl_typesupport_fastrtps_cpp__visibility_control.h
[0.326s] -- Up-to-date: /home/dev/git/mobile_robot_python/ros2_ws/install/my_robot_interfaces/lib/libmy_robot_interfaces__rosidl_typesupport_fastrtps_cpp.so
[0.326s] -- Up-to-date: /home/dev/git/mobile_robot_python/ros2_ws/install/my_robot_interfaces/include/my_robot_interfaces
[0.327s] -- Up-to-date: /home/dev/git/mobile_robot_python/ros2_ws/install/my_robot_interfaces/include/my_robot_interfaces/msg
[0.327s] -- Up-to-date: /home/dev/git/mobile_robot_python/ros2_ws/install/my_robot_interfaces/include/my_robot_interfaces/msg/rosidl_typesupport_introspection_c__visibility_control.h
[0.328s] -- Up-to-date: /home/dev/git/mobile_robot_python/ros2_ws/install/my_robot_interfaces/include/my_robot_interfaces/msg/detail
[0.328s] -- Up-to-date: /home/dev/git/mobile_robot_python/ros2_ws/install/my_robot_interfaces/include/my_robot_interfaces/msg/detail/hardware_status__rosidl_typesupport_introspection_c.h
[0.328s] -- Up-to-date: /home/dev/git/mobile_robot_python/ros2_ws/install/my_robot_interfaces/include/my_robot_interfaces/msg/detail/hardware_status__type_support.c
[0.329s] -- Up-to-date: /home/dev/git/mobile_robot_python/ros2_ws/install/my_robot_interfaces/lib/libmy_robot_interfaces__rosidl_typesupport_introspection_c.so
[0.329s] -- Up-to-date: /home/dev/git/mobile_robot_python/ros2_ws/install/my_robot_interfaces/lib/libmy_robot_interfaces__rosidl_typesupport_c.so
[0.330s] -- Up-to-date: /home/dev/git/mobile_robot_python/ros2_ws/install/my_robot_interfaces/include/my_robot_interfaces
[0.330s] -- Up-to-date: /home/dev/git/mobile_robot_python/ros2_ws/install/my_robot_interfaces/include/my_robot_interfaces/msg
[0.330s] -- Up-to-date: /home/dev/git/mobile_robot_python/ros2_ws/install/my_robot_interfaces/include/my_robot_interfaces/msg/hardware_status.hpp
[0.331s] -- Up-to-date: /home/dev/git/mobile_robot_python/ros2_ws/install/my_robot_interfaces/include/my_robot_interfaces/msg/detail
[0.331s] -- Up-to-date: /home/dev/git/mobile_robot_python/ros2_ws/install/my_robot_interfaces/include/my_robot_interfaces/msg/detail/hardware_status__builder.hpp
[0.331s] -- Up-to-date: /home/dev/git/mobile_robot_python/ros2_ws/install/my_robot_interfaces/include/my_robot_interfaces/msg/detail/hardware_status__struct.hpp
[0.332s] -- Up-to-date: /home/dev/git/mobile_robot_python/ros2_ws/install/my_robot_interfaces/include/my_robot_interfaces/msg/detail/hardware_status__traits.hpp
[0.332s] -- Up-to-date: /home/dev/git/mobile_robot_python/ros2_ws/install/my_robot_interfaces/include/my_robot_interfaces
[0.333s] -- Up-to-date: /home/dev/git/mobile_robot_python/ros2_ws/install/my_robot_interfaces/include/my_robot_interfaces/msg
[0.333s] -- Up-to-date: /home/dev/git/mobile_robot_python/ros2_ws/install/my_robot_interfaces/include/my_robot_interfaces/msg/detail
[0.333s] -- Up-to-date: /home/dev/git/mobile_robot_python/ros2_ws/install/my_robot_interfaces/include/my_robot_interfaces/msg/detail/hardware_status__rosidl_typesupport_introspection_cpp.hpp
[0.334s] -- Up-to-date: /home/dev/git/mobile_robot_python/ros2_ws/install/my_robot_interfaces/include/my_robot_interfaces/msg/detail/hardware_status__type_support.cpp
[0.334s] -- Up-to-date: /home/dev/git/mobile_robot_python/ros2_ws/install/my_robot_interfaces/lib/libmy_robot_interfaces__rosidl_typesupport_introspection_cpp.so
[0.335s] -- Up-to-date: /home/dev/git/mobile_robot_python/ros2_ws/install/my_robot_interfaces/lib/libmy_robot_interfaces__rosidl_typesupport_cpp.so
[0.335s] -- Up-to-date: /home/dev/git/mobile_robot_python/ros2_ws/install/my_robot_interfaces/share/my_robot_interfaces/environment/pythonpath.sh
[0.335s] -- Up-to-date: /home/dev/git/mobile_robot_python/ros2_ws/install/my_robot_interfaces/share/my_robot_interfaces/environment/pythonpath.dsv
[0.336s] -- Up-to-date: /home/dev/git/mobile_robot_python/ros2_ws/install/my_robot_interfaces/lib/python3.8/site-packages/my_robot_interfaces/__init__.py
[0.343s] -- Up-to-date: /home/dev/git/mobile_robot_python/ros2_ws/install/my_robot_interfaces/lib/python3.8/site-packages/my_robot_interfaces/msg
[0.343s] -- Up-to-date: /home/dev/git/mobile_robot_python/ros2_ws/install/my_robot_interfaces/lib/python3.8/site-packages/my_robot_interfaces/msg/__init__.py
[0.344s] -- Up-to-date: /home/dev/git/mobile_robot_python/ros2_ws/install/my_robot_interfaces/lib/python3.8/site-packages/my_robot_interfaces/msg/_hardware_status.py
[0.344s] -- Up-to-date: /home/dev/git/mobile_robot_python/ros2_ws/install/my_robot_interfaces/lib/python3.8/site-packages/my_robot_interfaces/msg/_hardware_status_s.c
[0.344s] -- Up-to-date: /home/dev/git/mobile_robot_python/ros2_ws/install/my_robot_interfaces/lib/python3.8/site-packages/my_robot_interfaces/my_robot_interfaces_s__rosidl_typesupport_fastrtps_c.cpython-38-x86_64-linux-gnu.so
[0.345s] -- Up-to-date: /home/dev/git/mobile_robot_python/ros2_ws/install/my_robot_interfaces/lib/python3.8/site-packages/my_robot_interfaces/my_robot_interfaces_s__rosidl_typesupport_introspection_c.cpython-38-x86_64-linux-gnu.so
[0.345s] -- Up-to-date: /home/dev/git/mobile_robot_python/ros2_ws/install/my_robot_interfaces/lib/python3.8/site-packages/my_robot_interfaces/my_robot_interfaces_s__rosidl_typesupport_c.cpython-38-x86_64-linux-gnu.so
[0.348s] -- Up-to-date: /home/dev/git/mobile_robot_python/ros2_ws/install/my_robot_interfaces/lib/libmy_robot_interfaces__python.so
[0.348s] -- Up-to-date: /home/dev/git/mobile_robot_python/ros2_ws/install/my_robot_interfaces/share/my_robot_interfaces/msg/HardwareStatus.idl
[0.348s] -- Up-to-date: /home/dev/git/mobile_robot_python/ros2_ws/install/my_robot_interfaces/share/my_robot_interfaces/msg/HardwareStatus.msg
[0.348s] -- Up-to-date: /home/dev/git/mobile_robot_python/ros2_ws/install/my_robot_interfaces/share/ament_index/resource_index/package_run_dependencies/my_robot_interfaces
[0.349s] -- Up-to-date: /home/dev/git/mobile_robot_python/ros2_ws/install/my_robot_interfaces/share/ament_index/resource_index/parent_prefix_path/my_robot_interfaces
[0.349s] -- Up-to-date: /home/dev/git/mobile_robot_python/ros2_ws/install/my_robot_interfaces/share/my_robot_interfaces/environment/ament_prefix_path.sh
[0.349s] -- Up-to-date: /home/dev/git/mobile_robot_python/ros2_ws/install/my_robot_interfaces/share/my_robot_interfaces/environment/ament_prefix_path.dsv
[0.349s] -- Up-to-date: /home/dev/git/mobile_robot_python/ros2_ws/install/my_robot_interfaces/share/my_robot_interfaces/environment/path.sh
[0.349s] -- Up-to-date: /home/dev/git/mobile_robot_python/ros2_ws/install/my_robot_interfaces/share/my_robot_interfaces/environment/path.dsv
[0.349s] -- Up-to-date: /home/dev/git/mobile_robot_python/ros2_ws/install/my_robot_interfaces/share/my_robot_interfaces/local_setup.bash
[0.349s] -- Up-to-date: /home/dev/git/mobile_robot_python/ros2_ws/install/my_robot_interfaces/share/my_robot_interfaces/local_setup.sh
[0.349s] -- Up-to-date: /home/dev/git/mobile_robot_python/ros2_ws/install/my_robot_interfaces/share/my_robot_interfaces/local_setup.zsh
[0.349s] -- Up-to-date: /home/dev/git/mobile_robot_python/ros2_ws/install/my_robot_interfaces/share/my_robot_interfaces/local_setup.dsv
[0.349s] -- Installing: /home/dev/git/mobile_robot_python/ros2_ws/install/my_robot_interfaces/share/my_robot_interfaces/package.dsv
[0.349s] -- Up-to-date: /home/dev/git/mobile_robot_python/ros2_ws/install/my_robot_interfaces/share/ament_index/resource_index/packages/my_robot_interfaces
[0.349s] -- Up-to-date: /home/dev/git/mobile_robot_python/ros2_ws/install/my_robot_interfaces/share/my_robot_interfaces/cmake/my_robot_interfaces__rosidl_generator_cExport.cmake
[0.349s] -- Up-to-date: /home/dev/git/mobile_robot_python/ros2_ws/install/my_robot_interfaces/share/my_robot_interfaces/cmake/my_robot_interfaces__rosidl_generator_cExport-noconfig.cmake
[0.349s] -- Up-to-date: /home/dev/git/mobile_robot_python/ros2_ws/install/my_robot_interfaces/share/my_robot_interfaces/cmake/my_robot_interfaces__rosidl_typesupport_introspection_cExport.cmake
[0.349s] -- Up-to-date: /home/dev/git/mobile_robot_python/ros2_ws/install/my_robot_interfaces/share/my_robot_interfaces/cmake/my_robot_interfaces__rosidl_typesupport_introspection_cExport-noconfig.cmake
[0.349s] -- Up-to-date: /home/dev/git/mobile_robot_python/ros2_ws/install/my_robot_interfaces/share/my_robot_interfaces/cmake/my_robot_interfaces__rosidl_typesupport_cExport.cmake
[0.350s] -- Up-to-date: /home/dev/git/mobile_robot_python/ros2_ws/install/my_robot_interfaces/share/my_robot_interfaces/cmake/my_robot_interfaces__rosidl_typesupport_cExport-noconfig.cmake
[0.350s] -- Up-to-date: /home/dev/git/mobile_robot_python/ros2_ws/install/my_robot_interfaces/share/my_robot_interfaces/cmake/my_robot_interfaces__rosidl_generator_cppExport.cmake
[0.350s] -- Up-to-date: /home/dev/git/mobile_robot_python/ros2_ws/install/my_robot_interfaces/share/my_robot_interfaces/cmake/my_robot_interfaces__rosidl_typesupport_introspection_cppExport.cmake
[0.350s] -- Up-to-date: /home/dev/git/mobile_robot_python/ros2_ws/install/my_robot_interfaces/share/my_robot_interfaces/cmake/my_robot_interfaces__rosidl_typesupport_introspection_cppExport-noconfig.cmake
[0.351s] -- Up-to-date: /home/dev/git/mobile_robot_python/ros2_ws/install/my_robot_interfaces/share/my_robot_interfaces/cmake/my_robot_interfaces__rosidl_typesupport_cppExport.cmake
[0.351s] -- Up-to-date: /home/dev/git/mobile_robot_python/ros2_ws/install/my_robot_interfaces/share/my_robot_interfaces/cmake/my_robot_interfaces__rosidl_typesupport_cppExport-noconfig.cmake
[0.351s] -- Up-to-date: /home/dev/git/mobile_robot_python/ros2_ws/install/my_robot_interfaces/share/my_robot_interfaces/cmake/rosidl_cmake-extras.cmake
[0.355s] -- Up-to-date: /home/dev/git/mobile_robot_python/ros2_ws/install/my_robot_interfaces/share/my_robot_interfaces/cmake/ament_cmake_export_dependencies-extras.cmake
[0.356s] -- Up-to-date: /home/dev/git/mobile_robot_python/ros2_ws/install/my_robot_interfaces/share/my_robot_interfaces/cmake/ament_cmake_export_libraries-extras.cmake
[0.356s] -- Up-to-date: /home/dev/git/mobile_robot_python/ros2_ws/install/my_robot_interfaces/share/my_robot_interfaces/cmake/ament_cmake_export_targets-extras.cmake
[0.356s] -- Up-to-date: /home/dev/git/mobile_robot_python/ros2_ws/install/my_robot_interfaces/share/my_robot_interfaces/cmake/ament_cmake_export_include_directories-extras.cmake
[0.356s] -- Up-to-date: /home/dev/git/mobile_robot_python/ros2_ws/install/my_robot_interfaces/share/my_robot_interfaces/cmake/rosidl_cmake_export_typesupport_libraries-extras.cmake
[0.356s] -- Up-to-date: /home/dev/git/mobile_robot_python/ros2_ws/install/my_robot_interfaces/share/my_robot_interfaces/cmake/rosidl_cmake_export_typesupport_targets-extras.cmake
[0.356s] -- Up-to-date: /home/dev/git/mobile_robot_python/ros2_ws/install/my_robot_interfaces/share/my_robot_interfaces/cmake/my_robot_interfacesConfig.cmake
[0.356s] -- Up-to-date: /home/dev/git/mobile_robot_python/ros2_ws/install/my_robot_interfaces/share/my_robot_interfaces/cmake/my_robot_interfacesConfig-version.cmake
[0.356s] -- Up-to-date: /home/dev/git/mobile_robot_python/ros2_ws/install/my_robot_interfaces/share/my_robot_interfaces/package.xml
[0.356s] Invoked command in '/home/dev/git/mobile_robot_python/ros2_ws/build/my_robot_interfaces' returned '0': CMAKE_PREFIX_PATH=/home/dev/git/mobile_robot_python/ros2_ws/install/my_pypkg:/opt/ros/foxy /usr/bin/cmake --install /home/dev/git/mobile_robot_python/ros2_ws/build/my_robot_interfaces
