[0.417s] Invoking command in '/home/dev/git/mobile_robot_python/ros2_ws/build/my_pypkg': AMENT_PREFIX_PATH=/home/dev/git/mobile_robot_python/ros2_ws/install/my_robot_interfaces:${AMENT_PREFIX_PATH} CMAKE_PREFIX_PATH=/home/dev/git/mobile_robot_python/ros2_ws/install/my_robot_interfaces LD_LIBRARY_PATH=/home/dev/git/mobile_robot_python/ros2_ws/install/my_robot_interfaces/lib:${LD_LIBRARY_PATH} PYTHONPATH=/home/dev/git/mobile_robot_python/ros2_ws/build/my_pypkg/prefix_override:/home/dev/git/mobile_robot_python/ros2_ws/install/my_pypkg/lib/python3.8/site-packages:/home/dev/git/mobile_robot_python/ros2_ws/install/my_robot_interfaces/lib/python3.8/site-packages:${PYTHONPATH} /usr/bin/python3 setup.py develop --editable --build-directory /home/dev/git/mobile_robot_python/ros2_ws/build/my_pypkg/build --no-deps install_data
[0.549s] running develop
[0.621s] running egg_info
[0.621s] writing my_pypkg.egg-info/PKG-INFO
[0.621s] writing dependency_links to my_pypkg.egg-info/dependency_links.txt
[0.622s] writing entry points to my_pypkg.egg-info/entry_points.txt
[0.622s] writing requirements to my_pypkg.egg-info/requires.txt
[0.622s] writing top-level names to my_pypkg.egg-info/top_level.txt
[0.643s] reading manifest file 'my_pypkg.egg-info/SOURCES.txt'
[0.643s] writing manifest file 'my_pypkg.egg-info/SOURCES.txt'
[0.664s] running build_ext
[0.664s] Creating /home/dev/git/mobile_robot_python/ros2_ws/install/my_pypkg/lib/python3.8/site-packages/my-pypkg.egg-link (link to .)
[0.666s] Installing add_two_ints_clients script to /home/dev/git/mobile_robot_python/ros2_ws/install/my_pypkg/lib/my_pypkg
[0.666s] Installing add_two_ints_clients_no_oop script to /home/dev/git/mobile_robot_python/ros2_ws/install/my_pypkg/lib/my_pypkg
[0.666s] Installing add_two_ints_server script to /home/dev/git/mobile_robot_python/ros2_ws/install/my_pypkg/lib/my_pypkg
[0.666s] Installing hardware_status_publisher script to /home/dev/git/mobile_robot_python/ros2_ws/install/my_pypkg/lib/my_pypkg
[0.666s] Installing number_counter script to /home/dev/git/mobile_robot_python/ros2_ws/install/my_pypkg/lib/my_pypkg
[0.667s] Installing number_publisher script to /home/dev/git/mobile_robot_python/ros2_ws/install/my_pypkg/lib/my_pypkg
[0.667s] Installing py_node script to /home/dev/git/mobile_robot_python/ros2_ws/install/my_pypkg/lib/my_pypkg
[0.667s] Installing robot_news_station script to /home/dev/git/mobile_robot_python/ros2_ws/install/my_pypkg/lib/my_pypkg
[0.667s] Installing smartphone script to /home/dev/git/mobile_robot_python/ros2_ws/install/my_pypkg/lib/my_pypkg
[0.667s] 
[0.667s] Installed /home/dev/git/mobile_robot_python/ros2_ws/build/my_pypkg
[0.667s] running install_data
[0.667s] copying package.xml -> /home/dev/git/mobile_robot_python/ros2_ws/install/my_pypkg/share/my_pypkg
[0.689s] Invoked command in '/home/dev/git/mobile_robot_python/ros2_ws/build/my_pypkg' returned '0': AMENT_PREFIX_PATH=/home/dev/git/mobile_robot_python/ros2_ws/install/my_robot_interfaces:${AMENT_PREFIX_PATH} CMAKE_PREFIX_PATH=/home/dev/git/mobile_robot_python/ros2_ws/install/my_robot_interfaces LD_LIBRARY_PATH=/home/dev/git/mobile_robot_python/ros2_ws/install/my_robot_interfaces/lib:${LD_LIBRARY_PATH} PYTHONPATH=/home/dev/git/mobile_robot_python/ros2_ws/build/my_pypkg/prefix_override:/home/dev/git/mobile_robot_python/ros2_ws/install/my_pypkg/lib/python3.8/site-packages:/home/dev/git/mobile_robot_python/ros2_ws/install/my_robot_interfaces/lib/python3.8/site-packages:${PYTHONPATH} /usr/bin/python3 setup.py develop --editable --build-directory /home/dev/git/mobile_robot_python/ros2_ws/build/my_pypkg/build --no-deps install_data
