[0.011s] Invoking command in '/home/dev/git/mobile_robot_python/ros2_ws/build/my_robot_interfaces': CMAKE_PREFIX_PATH=/home/dev/git/mobile_robot_python/ros2_ws/install/my_pypkg:/opt/ros/foxy /usr/bin/cmake /home/dev/git/mobile_robot_python/ros2_ws/src/my_robot_interfaces -DCMAKE_INSTALL_PREFIX=/home/dev/git/mobile_robot_python/ros2_ws/install/my_robot_interfaces
[0.175s] -- The C compiler identification is GNU 9.4.0
[0.349s] -- The CXX compiler identification is GNU 9.4.0
[0.363s] -- Check for working C compiler: /usr/bin/cc
[0.424s] -- Check for working C compiler: /usr/bin/cc -- works
[0.426s] -- Detecting C compiler ABI info
[0.490s] -- Detecting C compiler ABI info - done
[0.497s] -- Detecting C compile features
[0.498s] -- Detecting C compile features - done
[0.503s] -- Check for working CXX compiler: /usr/bin/c++
[0.574s] -- Check for working CXX compiler: /usr/bin/c++ -- works
[0.574s] -- Detecting CXX compiler ABI info
[0.634s] -- Detecting CXX compiler ABI info - done
[0.640s] -- Detecting CXX compile features
[0.642s] -- Detecting CXX compile features - done
[0.645s] -- Found ament_cmake: 0.9.11 (/opt/ros/foxy/share/ament_cmake/cmake)
[0.676s] -- Found PythonInterp: /usr/bin/python3 (found suitable version "3.8.10", minimum required is "3") 
[0.677s] -- Using PYTHON_EXECUTABLE: /usr/bin/python3
[0.828s] -- Found rosidl_default_generators: 1.0.1 (/opt/ros/foxy/share/rosidl_default_generators/cmake)
[0.835s] -- Using all available rosidl_typesupport_c: rosidl_typesupport_fastrtps_c;rosidl_typesupport_introspection_c
[0.848s] -- Found rosidl_adapter: 1.3.0 (/opt/ros/foxy/share/rosidl_adapter/cmake)
[0.949s] -- Found OpenSSL: /usr/lib/x86_64-linux-gnu/libcrypto.so (found version "1.1.1f")  
[0.970s] -- Found FastRTPS: /opt/ros/foxy/include  
[1.051s] -- Using all available rosidl_typesupport_cpp: rosidl_typesupport_fastrtps_cpp;rosidl_typesupport_introspection_cpp
[1.100s] -- Found PythonInterp: /usr/bin/python3 (found version "3.8.10") 
[1.179s] CMake Error at /opt/ros/foxy/share/rosidl_cmake/cmake/rosidl_generate_interfaces.cmake:229 (message):
[1.179s]   Packages installing interfaces must include
[1.179s]   '<member_of_group>rosidl_interface_packages</member_of_group>' in their
[1.179s]   package.xml
[1.179s] Call Stack (most recent call first):
[1.179s]   CMakeLists.txt:17 (rosidl_generate_interfaces)
[1.179s] 
[1.180s] 
[1.180s] -- Configuring incomplete, errors occurred!
[1.180s] See also "/home/dev/git/mobile_robot_python/ros2_ws/build/my_robot_interfaces/CMakeFiles/CMakeOutput.log".
[1.187s] Invoked command in '/home/dev/git/mobile_robot_python/ros2_ws/build/my_robot_interfaces' returned '1': CMAKE_PREFIX_PATH=/home/dev/git/mobile_robot_python/ros2_ws/install/my_pypkg:/opt/ros/foxy /usr/bin/cmake /home/dev/git/mobile_robot_python/ros2_ws/src/my_robot_interfaces -DCMAKE_INSTALL_PREFIX=/home/dev/git/mobile_robot_python/ros2_ws/install/my_robot_interfaces
