[0.013s] Invoking command in '/home/dev/git/mobile_robot_python/ros2_ws/build/my_robot_interfaces': CMAKE_PREFIX_PATH=${CMAKE_PREFIX_PATH}:/home/dev/git/mobile_robot_python/ros2_ws/install/my_pypkg:/opt/ros/foxy /usr/bin/cmake --build /home/dev/git/mobile_robot_python/ros2_ws/build/my_robot_interfaces -- -j4 -l4
[0.035s] -- Found ament_cmake: 0.9.11 (/opt/ros/foxy/share/ament_cmake/cmake)
[0.056s] -- Found PythonInterp: /usr/bin/python3 (found suitable version "3.8.10", minimum required is "3") 
[0.056s] -- Using PYTHON_EXECUTABLE: /usr/bin/python3
[0.164s] -- Found rosidl_default_generators: 1.0.1 (/opt/ros/foxy/share/rosidl_default_generators/cmake)
[0.165s] -- Using all available rosidl_typesupport_c: rosidl_typesupport_fastrtps_c;rosidl_typesupport_introspection_c
[0.167s] -- Found rosidl_adapter: 1.3.0 (/opt/ros/foxy/share/rosidl_adapter/cmake)
[0.261s] -- Using all available rosidl_typesupport_cpp: rosidl_typesupport_fastrtps_cpp;rosidl_typesupport_introspection_cpp
[0.295s] -- Found PythonInterp: /usr/bin/python3 (found version "3.8.10") 
[0.374s] -- Found ament_cmake_ros: 0.9.2 (/opt/ros/foxy/share/ament_cmake_ros/cmake)
[0.438s] -- Using all available rosidl_typesupport_c: rosidl_typesupport_fastrtps_c;rosidl_typesupport_introspection_c
[0.443s] -- Using all available rosidl_typesupport_cpp: rosidl_typesupport_fastrtps_cpp;rosidl_typesupport_introspection_cpp
[0.462s] -- Found PythonInterp: /usr/bin/python3 (found suitable version "3.8.10", minimum required is "3.5") 
[0.463s] -- Found python_cmake_module: 0.8.1 (/opt/ros/foxy/share/python_cmake_module/cmake)
[0.481s] -- Using PYTHON_EXECUTABLE: /usr/bin/python3
[0.482s] -- Using PYTHON_INCLUDE_DIRS: /usr/include/python3.8
[0.482s] -- Using PYTHON_LIBRARIES: /usr/lib/x86_64-linux-gnu/libpython3.8.so
[0.500s] -- Configuring done
[0.531s] -- Generating done
[0.539s] -- Build files have been written to: /home/dev/git/mobile_robot_python/ros2_ws/build/my_robot_interfaces
[0.572s] [ 12%] Built target my_robot_interfaces__cpp
[0.572s] [ 12%] Built target my_robot_interfaces__rosidl_generator_c
[0.592s] [ 22%] Built target my_robot_interfaces__rosidl_typesupport_introspection_cpp
[0.593s] [ 32%] Built target my_robot_interfaces__rosidl_typesupport_cpp
[0.600s] [ 41%] Built target my_robot_interfaces__rosidl_typesupport_fastrtps_cpp
[0.603s] [ 51%] Built target my_robot_interfaces__rosidl_typesupport_introspection_c
[0.616s] [ 61%] Built target my_robot_interfaces__rosidl_typesupport_c
[0.622s] [ 70%] Built target my_robot_interfaces__rosidl_typesupport_fastrtps_c
[0.640s] [ 70%] Built target my_robot_interfaces
[0.657s] [ 74%] Built target my_robot_interfaces__py
[0.678s] [ 80%] Built target my_robot_interfaces__python
[0.700s] [ 87%] Built target my_robot_interfaces__rosidl_typesupport_introspection_c__pyext
[0.701s] [ 93%] Built target my_robot_interfaces__rosidl_typesupport_c__pyext
[0.702s] [100%] Built target my_robot_interfaces__rosidl_typesupport_fastrtps_c__pyext
[0.711s] Invoked command in '/home/dev/git/mobile_robot_python/ros2_ws/build/my_robot_interfaces' returned '0': CMAKE_PREFIX_PATH=${CMAKE_PREFIX_PATH}:/home/dev/git/mobile_robot_python/ros2_ws/install/my_pypkg:/opt/ros/foxy /usr/bin/cmake --build /home/dev/git/mobile_robot_python/ros2_ws/build/my_robot_interfaces -- -j4 -l4
[0.783s] Invoking command in '/home/dev/git/mobile_robot_python/ros2_ws/build/my_robot_interfaces': CMAKE_PREFIX_PATH=${CMAKE_PREFIX_PATH}:/home/dev/git/mobile_robot_python/ros2_ws/install/my_pypkg:/opt/ros/foxy /usr/bin/cmake --install /home/dev/git/mobile_robot_python/ros2_ws/build/my_robot_interfaces
[0.789s] -- Install configuration: ""
[0.790s] -- Up-to-date: /home/dev/git/mobile_robot_python/ros2_ws/install/my_robot_interfaces/share/ament_index/resource_index/rosidl_interfaces/my_robot_interfaces
[0.790s] -- Up-to-date: /home/dev/git/mobile_robot_python/ros2_ws/install/my_robot_interfaces/include/my_robot_interfaces
[0.790s] -- Up-to-date: /home/dev/git/mobile_robot_python/ros2_ws/install/my_robot_interfaces/include/my_robot_interfaces/msg
[0.790s] -- Up-to-date: /home/dev/git/mobile_robot_python/ros2_ws/install/my_robot_interfaces/include/my_robot_interfaces/msg/detail
[0.790s] -- Up-to-date: /home/dev/git/mobile_robot_python/ros2_ws/install/my_robot_interfaces/include/my_robot_interfaces/msg/detail/hardware_status__type_support.h
[0.790s] -- Up-to-date: /home/dev/git/mobile_robot_python/ros2_ws/install/my_robot_interfaces/include/my_robot_interfaces/msg/detail/hardware_status__struct.h
[0.790s] -- Up-to-date: /home/dev/git/mobile_robot_python/ros2_ws/install/my_robot_interfaces/include/my_robot_interfaces/msg/detail/hardware_status__functions.c
[0.791s] -- Up-to-date: /home/dev/git/mobile_robot_python/ros2_ws/install/my_robot_interfaces/include/my_robot_interfaces/msg/detail/hardware_status__functions.h
[0.791s] -- Up-to-date: /home/dev/git/mobile_robot_python/ros2_ws/install/my_robot_interfaces/include/my_robot_interfaces/msg/hardware_status.h
[0.791s] -- Up-to-date: /home/dev/git/mobile_robot_python/ros2_ws/install/my_robot_interfaces/include/my_robot_interfaces/msg/rosidl_generator_c__visibility_control.h
[0.791s] -- Up-to-date: /home/dev/git/mobile_robot_python/ros2_ws/install/my_robot_interfaces/share/my_robot_interfaces/environment/library_path.sh
[0.791s] -- Installing: /home/dev/git/mobile_robot_python/ros2_ws/install/my_robot_interfaces/share/my_robot_interfaces/environment/library_path.dsv
[0.792s] -- Up-to-date: /home/dev/git/mobile_robot_python/ros2_ws/install/my_robot_interfaces/lib/libmy_robot_interfaces__rosidl_generator_c.so
[0.792s] -- Up-to-date: /home/dev/git/mobile_robot_python/ros2_ws/install/my_robot_interfaces/include/my_robot_interfaces
[0.792s] -- Up-to-date: /home/dev/git/mobile_robot_python/ros2_ws/install/my_robot_interfaces/include/my_robot_interfaces/msg
[0.792s] -- Up-to-date: /home/dev/git/mobile_robot_python/ros2_ws/install/my_robot_interfaces/include/my_robot_interfaces/msg/detail
[0.792s] -- Up-to-date: /home/dev/git/mobile_robot_python/ros2_ws/install/my_robot_interfaces/include/my_robot_interfaces/msg/detail/hardware_status__rosidl_typesupport_fastrtps_c.h
[0.792s] -- Up-to-date: /home/dev/git/mobile_robot_python/ros2_ws/install/my_robot_interfaces/include/my_robot_interfaces/msg/rosidl_typesupport_fastrtps_c__visibility_control.h
[0.793s] -- Up-to-date: /home/dev/git/mobile_robot_python/ros2_ws/install/my_robot_interfaces/lib/libmy_robot_interfaces__rosidl_typesupport_fastrtps_c.so
[0.793s] -- Up-to-date: /home/dev/git/mobile_robot_python/ros2_ws/install/my_robot_interfaces/include/my_robot_interfaces
[0.793s] -- Up-to-date: /home/dev/git/mobile_robot_python/ros2_ws/install/my_robot_interfaces/include/my_robot_interfaces/msg
[0.793s] -- Up-to-date: /home/dev/git/mobile_robot_python/ros2_ws/install/my_robot_interfaces/include/my_robot_interfaces/msg/detail
[0.793s] -- Up-to-date: /home/dev/git/mobile_robot_python/ros2_ws/install/my_robot_interfaces/include/my_robot_interfaces/msg/detail/dds_fastrtps
[0.793s] -- Up-to-date: /home/dev/git/mobile_robot_python/ros2_ws/install/my_robot_interfaces/include/my_robot_interfaces/msg/detail/hardware_status__rosidl_typesupport_fastrtps_cpp.hpp
[0.793s] -- Up-to-date: /home/dev/git/mobile_robot_python/ros2_ws/install/my_robot_interfaces/include/my_robot_interfaces/msg/rosidl_typesupport_fastrtps_cpp__visibility_control.h
[0.794s] -- Up-to-date: /home/dev/git/mobile_robot_python/ros2_ws/install/my_robot_interfaces/lib/libmy_robot_interfaces__rosidl_typesupport_fastrtps_cpp.so
[0.794s] -- Up-to-date: /home/dev/git/mobile_robot_python/ros2_ws/install/my_robot_interfaces/include/my_robot_interfaces
[0.794s] -- Up-to-date: /home/dev/git/mobile_robot_python/ros2_ws/install/my_robot_interfaces/include/my_robot_interfaces/msg
[0.794s] -- Up-to-date: /home/dev/git/mobile_robot_python/ros2_ws/install/my_robot_interfaces/include/my_robot_interfaces/msg/rosidl_typesupport_introspection_c__visibility_control.h
[0.794s] -- Up-to-date: /home/dev/git/mobile_robot_python/ros2_ws/install/my_robot_interfaces/include/my_robot_interfaces/msg/detail
[0.794s] -- Up-to-date: /home/dev/git/mobile_robot_python/ros2_ws/install/my_robot_interfaces/include/my_robot_interfaces/msg/detail/hardware_status__rosidl_typesupport_introspection_c.h
[0.794s] -- Up-to-date: /home/dev/git/mobile_robot_python/ros2_ws/install/my_robot_interfaces/include/my_robot_interfaces/msg/detail/hardware_status__type_support.c
[0.794s] -- Up-to-date: /home/dev/git/mobile_robot_python/ros2_ws/install/my_robot_interfaces/lib/libmy_robot_interfaces__rosidl_typesupport_introspection_c.so
[0.795s] -- Up-to-date: /home/dev/git/mobile_robot_python/ros2_ws/install/my_robot_interfaces/lib/libmy_robot_interfaces__rosidl_typesupport_c.so
[0.795s] -- Up-to-date: /home/dev/git/mobile_robot_python/ros2_ws/install/my_robot_interfaces/include/my_robot_interfaces
[0.796s] -- Up-to-date: /home/dev/git/mobile_robot_python/ros2_ws/install/my_robot_interfaces/include/my_robot_interfaces/msg
[0.796s] -- Up-to-date: /home/dev/git/mobile_robot_python/ros2_ws/install/my_robot_interfaces/include/my_robot_interfaces/msg/hardware_status.hpp
[0.796s] -- Up-to-date: /home/dev/git/mobile_robot_python/ros2_ws/install/my_robot_interfaces/include/my_robot_interfaces/msg/detail
[0.796s] -- Up-to-date: /home/dev/git/mobile_robot_python/ros2_ws/install/my_robot_interfaces/include/my_robot_interfaces/msg/detail/hardware_status__builder.hpp
[0.796s] -- Up-to-date: /home/dev/git/mobile_robot_python/ros2_ws/install/my_robot_interfaces/include/my_robot_interfaces/msg/detail/hardware_status__struct.hpp
[0.797s] -- Up-to-date: /home/dev/git/mobile_robot_python/ros2_ws/install/my_robot_interfaces/include/my_robot_interfaces/msg/detail/hardware_status__traits.hpp
[0.797s] -- Up-to-date: /home/dev/git/mobile_robot_python/ros2_ws/install/my_robot_interfaces/include/my_robot_interfaces
[0.797s] -- Up-to-date: /home/dev/git/mobile_robot_python/ros2_ws/install/my_robot_interfaces/include/my_robot_interfaces/msg
[0.797s] -- Up-to-date: /home/dev/git/mobile_robot_python/ros2_ws/install/my_robot_interfaces/include/my_robot_interfaces/msg/detail
[0.797s] -- Up-to-date: /home/dev/git/mobile_robot_python/ros2_ws/install/my_robot_interfaces/include/my_robot_interfaces/msg/detail/hardware_status__rosidl_typesupport_introspection_cpp.hpp
[0.798s] -- Up-to-date: /home/dev/git/mobile_robot_python/ros2_ws/install/my_robot_interfaces/include/my_robot_interfaces/msg/detail/hardware_status__type_support.cpp
[0.798s] -- Up-to-date: /home/dev/git/mobile_robot_python/ros2_ws/install/my_robot_interfaces/lib/libmy_robot_interfaces__rosidl_typesupport_introspection_cpp.so
[0.798s] -- Up-to-date: /home/dev/git/mobile_robot_python/ros2_ws/install/my_robot_interfaces/lib/libmy_robot_interfaces__rosidl_typesupport_cpp.so
[0.798s] -- Up-to-date: /home/dev/git/mobile_robot_python/ros2_ws/install/my_robot_interfaces/share/my_robot_interfaces/environment/pythonpath.sh
[0.799s] -- Installing: /home/dev/git/mobile_robot_python/ros2_ws/install/my_robot_interfaces/share/my_robot_interfaces/environment/pythonpath.dsv
[0.799s] -- Installing: /home/dev/git/mobile_robot_python/ros2_ws/install/my_robot_interfaces/lib/python3.8/site-packages/my_robot_interfaces/__init__.py
[0.819s] Compiling '/home/dev/git/mobile_robot_python/ros2_ws/install/my_robot_interfaces/lib/python3.8/site-packages/my_robot_interfaces/__init__.py'...
[0.822s] -- Up-to-date: /home/dev/git/mobile_robot_python/ros2_ws/install/my_robot_interfaces/lib/python3.8/site-packages/my_robot_interfaces/msg
[0.822s] -- Up-to-date: /home/dev/git/mobile_robot_python/ros2_ws/install/my_robot_interfaces/lib/python3.8/site-packages/my_robot_interfaces/msg/__init__.py
[0.822s] -- Up-to-date: /home/dev/git/mobile_robot_python/ros2_ws/install/my_robot_interfaces/lib/python3.8/site-packages/my_robot_interfaces/msg/_hardware_status.py
[0.822s] -- Up-to-date: /home/dev/git/mobile_robot_python/ros2_ws/install/my_robot_interfaces/lib/python3.8/site-packages/my_robot_interfaces/msg/_hardware_status_s.c
[0.822s] -- Up-to-date: /home/dev/git/mobile_robot_python/ros2_ws/install/my_robot_interfaces/lib/python3.8/site-packages/my_robot_interfaces/my_robot_interfaces_s__rosidl_typesupport_fastrtps_c.cpython-38-x86_64-linux-gnu.so
[0.823s] -- Up-to-date: /home/dev/git/mobile_robot_python/ros2_ws/install/my_robot_interfaces/lib/python3.8/site-packages/my_robot_interfaces/my_robot_interfaces_s__rosidl_typesupport_introspection_c.cpython-38-x86_64-linux-gnu.so
[0.824s] -- Up-to-date: /home/dev/git/mobile_robot_python/ros2_ws/install/my_robot_interfaces/lib/python3.8/site-packages/my_robot_interfaces/my_robot_interfaces_s__rosidl_typesupport_c.cpython-38-x86_64-linux-gnu.so
[0.824s] -- Up-to-date: /home/dev/git/mobile_robot_python/ros2_ws/install/my_robot_interfaces/lib/libmy_robot_interfaces__python.so
[0.825s] -- Up-to-date: /home/dev/git/mobile_robot_python/ros2_ws/install/my_robot_interfaces/share/my_robot_interfaces/msg/HardwareStatus.idl
[0.825s] -- Up-to-date: /home/dev/git/mobile_robot_python/ros2_ws/install/my_robot_interfaces/share/my_robot_interfaces/msg/HardwareStatus.msg
[0.825s] -- Up-to-date: /home/dev/git/mobile_robot_python/ros2_ws/install/my_robot_interfaces/share/ament_index/resource_index/package_run_dependencies/my_robot_interfaces
[0.825s] -- Up-to-date: /home/dev/git/mobile_robot_python/ros2_ws/install/my_robot_interfaces/share/ament_index/resource_index/parent_prefix_path/my_robot_interfaces
[0.825s] -- Up-to-date: /home/dev/git/mobile_robot_python/ros2_ws/install/my_robot_interfaces/share/my_robot_interfaces/environment/ament_prefix_path.sh
[0.826s] -- Installing: /home/dev/git/mobile_robot_python/ros2_ws/install/my_robot_interfaces/share/my_robot_interfaces/environment/ament_prefix_path.dsv
[0.826s] -- Up-to-date: /home/dev/git/mobile_robot_python/ros2_ws/install/my_robot_interfaces/share/my_robot_interfaces/environment/path.sh
[0.826s] -- Installing: /home/dev/git/mobile_robot_python/ros2_ws/install/my_robot_interfaces/share/my_robot_interfaces/environment/path.dsv
[0.827s] -- Up-to-date: /home/dev/git/mobile_robot_python/ros2_ws/install/my_robot_interfaces/share/my_robot_interfaces/local_setup.bash
[0.827s] -- Up-to-date: /home/dev/git/mobile_robot_python/ros2_ws/install/my_robot_interfaces/share/my_robot_interfaces/local_setup.sh
[0.827s] -- Up-to-date: /home/dev/git/mobile_robot_python/ros2_ws/install/my_robot_interfaces/share/my_robot_interfaces/local_setup.zsh
[0.827s] -- Installing: /home/dev/git/mobile_robot_python/ros2_ws/install/my_robot_interfaces/share/my_robot_interfaces/local_setup.dsv
[0.827s] -- Installing: /home/dev/git/mobile_robot_python/ros2_ws/install/my_robot_interfaces/share/my_robot_interfaces/package.dsv
[0.828s] -- Up-to-date: /home/dev/git/mobile_robot_python/ros2_ws/install/my_robot_interfaces/share/ament_index/resource_index/packages/my_robot_interfaces
[0.828s] -- Up-to-date: /home/dev/git/mobile_robot_python/ros2_ws/install/my_robot_interfaces/share/my_robot_interfaces/cmake/my_robot_interfaces__rosidl_generator_cExport.cmake
[0.828s] -- Installing: /home/dev/git/mobile_robot_python/ros2_ws/install/my_robot_interfaces/share/my_robot_interfaces/cmake/my_robot_interfaces__rosidl_generator_cExport-noconfig.cmake
[0.829s] -- Up-to-date: /home/dev/git/mobile_robot_python/ros2_ws/install/my_robot_interfaces/share/my_robot_interfaces/cmake/my_robot_interfaces__rosidl_typesupport_introspection_cExport.cmake
[0.829s] -- Installing: /home/dev/git/mobile_robot_python/ros2_ws/install/my_robot_interfaces/share/my_robot_interfaces/cmake/my_robot_interfaces__rosidl_typesupport_introspection_cExport-noconfig.cmake
[0.829s] -- Up-to-date: /home/dev/git/mobile_robot_python/ros2_ws/install/my_robot_interfaces/share/my_robot_interfaces/cmake/my_robot_interfaces__rosidl_typesupport_cExport.cmake
[0.830s] -- Installing: /home/dev/git/mobile_robot_python/ros2_ws/install/my_robot_interfaces/share/my_robot_interfaces/cmake/my_robot_interfaces__rosidl_typesupport_cExport-noconfig.cmake
[0.830s] -- Up-to-date: /home/dev/git/mobile_robot_python/ros2_ws/install/my_robot_interfaces/share/my_robot_interfaces/cmake/my_robot_interfaces__rosidl_generator_cppExport.cmake
[0.830s] -- Up-to-date: /home/dev/git/mobile_robot_python/ros2_ws/install/my_robot_interfaces/share/my_robot_interfaces/cmake/my_robot_interfaces__rosidl_typesupport_introspection_cppExport.cmake
[0.830s] -- Installing: /home/dev/git/mobile_robot_python/ros2_ws/install/my_robot_interfaces/share/my_robot_interfaces/cmake/my_robot_interfaces__rosidl_typesupport_introspection_cppExport-noconfig.cmake
[0.831s] -- Up-to-date: /home/dev/git/mobile_robot_python/ros2_ws/install/my_robot_interfaces/share/my_robot_interfaces/cmake/my_robot_interfaces__rosidl_typesupport_cppExport.cmake
[0.831s] -- Installing: /home/dev/git/mobile_robot_python/ros2_ws/install/my_robot_interfaces/share/my_robot_interfaces/cmake/my_robot_interfaces__rosidl_typesupport_cppExport-noconfig.cmake
[0.832s] -- Up-to-date: /home/dev/git/mobile_robot_python/ros2_ws/install/my_robot_interfaces/share/my_robot_interfaces/cmake/rosidl_cmake-extras.cmake
[0.832s] -- Installing: /home/dev/git/mobile_robot_python/ros2_ws/install/my_robot_interfaces/share/my_robot_interfaces/cmake/ament_cmake_export_dependencies-extras.cmake
[0.832s] -- Up-to-date: /home/dev/git/mobile_robot_python/ros2_ws/install/my_robot_interfaces/share/my_robot_interfaces/cmake/ament_cmake_export_libraries-extras.cmake
[0.832s] -- Up-to-date: /home/dev/git/mobile_robot_python/ros2_ws/install/my_robot_interfaces/share/my_robot_interfaces/cmake/ament_cmake_export_targets-extras.cmake
[0.833s] -- Up-to-date: /home/dev/git/mobile_robot_python/ros2_ws/install/my_robot_interfaces/share/my_robot_interfaces/cmake/ament_cmake_export_include_directories-extras.cmake
[0.833s] -- Up-to-date: /home/dev/git/mobile_robot_python/ros2_ws/install/my_robot_interfaces/share/my_robot_interfaces/cmake/rosidl_cmake_export_typesupport_libraries-extras.cmake
[0.833s] -- Up-to-date: /home/dev/git/mobile_robot_python/ros2_ws/install/my_robot_interfaces/share/my_robot_interfaces/cmake/rosidl_cmake_export_typesupport_targets-extras.cmake
[0.833s] -- Up-to-date: /home/dev/git/mobile_robot_python/ros2_ws/install/my_robot_interfaces/share/my_robot_interfaces/cmake/my_robot_interfacesConfig.cmake
[0.833s] -- Up-to-date: /home/dev/git/mobile_robot_python/ros2_ws/install/my_robot_interfaces/share/my_robot_interfaces/cmake/my_robot_interfacesConfig-version.cmake
[0.834s] -- Up-to-date: /home/dev/git/mobile_robot_python/ros2_ws/install/my_robot_interfaces/share/my_robot_interfaces/package.xml
[0.847s] Invoked command in '/home/dev/git/mobile_robot_python/ros2_ws/build/my_robot_interfaces' returned '0': CMAKE_PREFIX_PATH=${CMAKE_PREFIX_PATH}:/home/dev/git/mobile_robot_python/ros2_ws/install/my_pypkg:/opt/ros/foxy /usr/bin/cmake --install /home/dev/git/mobile_robot_python/ros2_ws/build/my_robot_interfaces
